<?xml version="1.0" encoding="utf-8"?><testsuites><testsuite name="pytest" errors="0" failures="0" skipped="0" tests="2167" time="4.630" timestamp="2026-03-19T14:08:24.657826-03:00" hostname="ANTONOV"><testcase classname="tests.api.test_upload_validation.TestMimeTypeValidation" name="test_allowed_types_pass[application/msword]" time="0.001" /><testcase classname="tests.api.test_upload_validation.TestMimeTypeValidation" name="test_allowed_types_pass[application/pdf]" time="0.000" /><testcase classname="tests.api.test_upload_validation.TestMimeTypeValidation" name="test_allowed_types_pass[application/rtf]" time="0.000" /><testcase classname="tests.api.test_upload_validation.TestMimeTypeValidation" name="test_allowed_types_pass[application/vnd.openxmlformats-officedocument.wordprocessingml.document]" time="0.000" /><testcase classname="tests.api.test_upload_validation.TestMimeTypeValidation" name="test_allowed_types_pass[text/html]" time="0.000" /><testcase classname="tests.api.test_upload_validation.TestMimeTypeValidation" name="test_allowed_types_pass[text/plain]" time="0.000" /><testcase classname="tests.api.test_upload_validation.TestMimeTypeValidation" name="test_unknown_type_rejected" time="0.000" /><testcase classname="tests.api.test_upload_validation.TestMimeTypeValidation" name="test_executable_rejected" time="0.000" /><testcase classname="tests.api.test_upload_validation.TestMimeTypeValidation" name="test_image_rejected" time="0.000" /><testcase classname="tests.api.test_upload_validation.TestMimeTypeValidation" name="test_none_content_type_allowed" time="0.000" /><testcase classname="tests.api.test_upload_validation.TestMimeTypeValidation" name="test_pdf_explicitly_allowed" time="0.000" /><testcase classname="tests.api.test_upload_validation.TestMimeTypeValidation" name="test_docx_explicitly_allowed" time="0.000" /><testcase classname="tests.api.test_upload_validation.TestMimeTypeValidation" name="test_txt_explicitly_allowed" time="0.000" /><testcase classname="tests.api.test_upload_validation.TestFileSizeValidation" name="test_empty_file_rejected" time="0.000" /><testcase classname="tests.api.test_upload_validation.TestFileSizeValidation" name="test_1_byte_accepted" time="0.000" /><testcase classname="tests.api.test_upload_validation.TestFileSizeValidation" name="test_1mb_accepted" time="0.001" /><testcase classname="tests.api.test_upload_validation.TestFileSizeValidation" name="test_49mb_accepted" time="0.006" /><testcase classname="tests.api.test_upload_validation.TestFileSizeValidation" name="test_exactly_50mb_accepted" time="0.005" /><testcase classname="tests.api.test_upload_validation.TestFileSizeValidation" name="test_50mb_plus_1_rejected" time="0.005" /><testcase classname="tests.api.test_upload_validation.TestFileSizeValidation" name="test_100mb_rejected" time="0.011" /><testcase classname="tests.api.test_upload_validation.TestFileSizeValidation" name="test_413_detail_contains_size_info" time="0.007" /><testcase classname="tests.api.test_upload_validation.TestCombinedValidation" name="test_invalid_type_takes_priority_over_size" time="0.006" /><testcase classname="tests.api.test_upload_validation.TestCombinedValidation" name="test_empty_with_invalid_type_reports_type_error" time="0.000" /><testcase classname="tests.api.test_upload_validation.TestCombinedValidation" name="test_valid_pdf_small" time="0.000" /><testcase classname="tests.api.test_upload_validation.TestCombinedValidation" name="test_valid_txt_medium" time="0.000" /><testcase classname="tests.unit.test_auth_logic.TestPasswordHashing" name="test_hash_returns_string" time="0.181" /><testcase classname="tests.unit.test_auth_logic.TestPasswordHashing" name="test_hash_is_not_plaintext" time="0.180" /><testcase classname="tests.unit.test_auth_logic.TestPasswordHashing" name="test_verify_correct_password" time="0.358" /><testcase classname="tests.unit.test_auth_logic.TestPasswordHashing" name="test_verify_wrong_password" time="0.362" /><testcase classname="tests.unit.test_auth_logic.TestPasswordHashing" name="test_same_password_different_hashes" time="0.732" /><testcase classname="tests.unit.test_auth_logic.TestPasswordHashing" name="test_empty_string_hashes" time="0.570" /><testcase classname="tests.unit.test_auth_logic.TestJWT" name="test_create_and_decode_token" time="0.001" /><testcase classname="tests.unit.test_auth_logic.TestJWT" name="test_user_role_preserved" time="0.001" /><testcase classname="tests.unit.test_auth_logic.TestJWT" name="test_invalid_token_raises" time="0.001" /><testcase classname="tests.unit.test_auth_logic.TestJWT" name="test_tampered_token_raises" time="0.002" /><testcase classname="tests.unit.test_auth_logic.TestJWT" name="test_token_contains_exp" time="0.001" /><testcase classname="tests.unit.test_document_types.TestDocumentTypeInterface" name="test_instantiable[parecer-ParecerDocumentType]" time="0.001" /><testcase classname="tests.unit.test_document_types.TestDocumentTypeInterface" name="test_instantiable[peticao_inicial-PeticaoInicialDocumentType]" time="0.001" /><testcase classname="tests.unit.test_document_types.TestDocumentTypeInterface" name="test_instantiable[contestacao-ContestacaoDocumentType]" time="0.001" /><testcase classname="tests.unit.test_document_types.TestDocumentTypeInterface" name="test_instantiable[recurso-RecursoDocumentType]" time="0.001" /><testcase classname="tests.unit.test_document_types.TestDocumentTypeInterface" name="test_instantiable[acao_civil_publica-AcaoCivilPublicaDocumentType]" time="0.001" /><testcase classname="tests.unit.test_document_types.TestDocumentTypeInterface" name="test_instantiable[sentenca-SentencaDocumentType]" time="0.001" /><testcase classname="tests.unit.test_document_types.TestDocumentTypeInterface" name="test_instantiable[mandado_seguranca-MandadoSegurancaDocumentType]" time="0.001" /><testcase classname="tests.unit.test_document_types.TestDocumentTypeInterface" name="test_instantiable[habeas_corpus-HabeasCorpusDocumentType]" time="0.002" /><testcase classname="tests.unit.test_document_types.TestDocumentTypeInterface" name="test_instantiable[agravo-AgravoDocumentType]" time="0.001" /><testcase classname="tests.unit.test_document_types.TestDocumentTypeInterface" name="test_instantiable[embargos_declaracao-EmbargosDeclaracaoDocumentType]" time="0.001" /><testcase classname="tests.unit.test_document_types.TestDocumentTypeInterface" name="test_get_id_returns_correct_value[parecer-ParecerDocumentType]" time="0.001" /><testcase classname="tests.unit.test_document_types.TestDocumentTypeInterface" name="test_get_id_returns_correct_value[peticao_inicial-PeticaoInicialDocumentType]" time="0.001" /><testcase classname="tests.unit.test_document_types.TestDocumentTypeInterface" name="test_get_id_returns_correct_value[contestacao-ContestacaoDocumentType]" time="0.001" /><testcase classname="tests.unit.test_document_types.TestDocumentTypeInterface" name="test_get_id_returns_correct_value[recurso-RecursoDocumentType]" time="0.001" /><testcase classname="tests.unit.test_document_types.TestDocumentTypeInterface" name="test_get_id_returns_correct_value[acao_civil_publica-AcaoCivilPublicaDocumentType]" time="0.001" /><testcase classname="tests.unit.test_document_types.TestDocumentTypeInterface" name="test_get_id_returns_correct_value[sentenca-SentencaDocumentType]" time="0.001" /><testcase classname="tests.unit.test_document_types.TestDocumentTypeInterface" name="test_get_id_returns_correct_value[mandado_seguranca-MandadoSegurancaDocumentType]" time="0.001" /><testcase classname="tests.unit.test_document_types.TestDocumentTypeInterface" name="test_get_id_returns_correct_value[habeas_corpus-HabeasCorpusDocumentType]" time="0.000" /><testcase classname="tests.unit.test_document_types.TestDocumentTypeInterface" name="test_get_id_returns_correct_value[agravo-AgravoDocumentType]" time="0.000" /><testcase classname="tests.unit.test_document_types.TestDocumentTypeInterface" name="test_get_id_returns_correct_value[embargos_declaracao-EmbargosDeclaracaoDocumentType]" time="0.000" /><testcase classname="tests.unit.test_document_types.TestDocumentTypeInterface" name="test_get_name_returns_non_empty_string[parecer-ParecerDocumentType]" time="0.000" /><testcase classname="tests.unit.test_document_types.TestDocumentTypeInterface" name="test_get_name_returns_non_empty_string[peticao_inicial-PeticaoInicialDocumentType]" time="0.000" /><testcase classname="tests.unit.test_document_types.TestDocumentTypeInterface" name="test_get_name_returns_non_empty_string[contestacao-ContestacaoDocumentType]" time="0.000" /><testcase classname="tests.unit.test_document_types.TestDocumentTypeInterface" name="test_get_name_returns_non_empty_string[recurso-RecursoDocumentType]" time="0.001" /><testcase classname="tests.unit.test_document_types.TestDocumentTypeInterface" name="test_get_name_returns_non_empty_string[acao_civil_publica-AcaoCivilPublicaDocumentType]" time="0.001" /><testcase classname="tests.unit.test_document_types.TestDocumentTypeInterface" name="test_get_name_returns_non_empty_string[sentenca-SentencaDocumentType]" time="0.001" /><testcase classname="tests.unit.test_document_types.TestDocumentTypeInterface" name="test_get_name_returns_non_empty_string[mandado_seguranca-MandadoSegurancaDocumentType]" time="0.000" /><testcase classname="tests.unit.test_document_types.TestDocumentTypeInterface" name="test_get_name_returns_non_empty_string[habeas_corpus-HabeasCorpusDocumentType]" time="0.000" /><testcase classname="tests.unit.test_document_types.TestDocumentTypeInterface" name="test_get_name_returns_non_empty_string[agravo-AgravoDocumentType]" time="0.000" /><testcase classname="tests.unit.test_document_types.TestDocumentTypeInterface" name="test_get_name_returns_non_empty_string[embargos_declaracao-EmbargosDeclaracaoDocumentType]" time="0.000" /><testcase classname="tests.unit.test_document_types.TestDocumentTypeInterface" name="test_get_description_returns_non_empty_string[parecer-ParecerDocumentType]" time="0.000" /><testcase classname="tests.unit.test_document_types.TestDocumentTypeInterface" name="test_get_description_returns_non_empty_string[peticao_inicial-PeticaoInicialDocumentType]" time="0.000" /><testcase classname="tests.unit.test_document_types.TestDocumentTypeInterface" name="test_get_description_returns_non_empty_string[contestacao-ContestacaoDocumentType]" time="0.000" /><testcase classname="tests.unit.test_document_types.TestDocumentTypeInterface" name="test_get_description_returns_non_empty_string[recurso-RecursoDocumentType]" time="0.001" /><testcase classname="tests.unit.test_document_types.TestDocumentTypeInterface" name="test_get_description_returns_non_empty_string[acao_civil_publica-AcaoCivilPublicaDocumentType]" time="0.001" /><testcase classname="tests.unit.test_document_types.TestDocumentTypeInterface" name="test_get_description_returns_non_empty_string[sentenca-SentencaDocumentType]" time="0.001" /><testcase classname="tests.unit.test_document_types.TestDocumentTypeInterface" name="test_get_description_returns_non_empty_string[mandado_seguranca-MandadoSegurancaDocumentType]" time="0.001" /><testcase classname="tests.unit.test_document_types.TestDocumentTypeInterface" name="test_get_description_returns_non_empty_string[habeas_corpus-HabeasCorpusDocumentType]" time="0.001" /><testcase classname="tests.unit.test_document_types.TestDocumentTypeInterface" name="test_get_description_returns_non_empty_string[agravo-AgravoDocumentType]" time="0.000" /><testcase classname="tests.unit.test_document_types.TestDocumentTypeInterface" name="test_get_description_returns_non_empty_string[embargos_declaracao-EmbargosDeclaracaoDocumentType]" time="0.004" /><testcase classname="tests.unit.test_document_types.TestDocumentTypeInterface" name="test_get_category_returns_valid[parecer-ParecerDocumentType]" time="0.001" /><testcase classname="tests.unit.test_document_types.TestDocumentTypeInterface" name="test_get_category_returns_valid[peticao_inicial-PeticaoInicialDocumentType]" time="0.000" /><testcase classname="tests.unit.test_document_types.TestDocumentTypeInterface" name="test_get_category_returns_valid[contestacao-ContestacaoDocumentType]" time="0.000" /><testcase classname="tests.unit.test_document_types.TestDocumentTypeInterface" name="test_get_category_returns_valid[recurso-RecursoDocumentType]" time="0.003" /><testcase classname="tests.unit.test_document_types.TestDocumentTypeInterface" name="test_get_category_returns_valid[acao_civil_publica-AcaoCivilPublicaDocumentType]" time="0.001" /><testcase classname="tests.unit.test_document_types.TestDocumentTypeInterface" name="test_get_category_returns_valid[sentenca-SentencaDocumentType]" time="0.000" /><testcase classname="tests.unit.test_document_types.TestDocumentTypeInterface" name="test_get_category_returns_valid[mandado_seguranca-MandadoSegurancaDocumentType]" time="0.000" /><testcase classname="tests.unit.test_document_types.TestDocumentTypeInterface" name="test_get_category_returns_valid[habeas_corpus-HabeasCorpusDocumentType]" time="0.000" /><testcase classname="tests.unit.test_document_types.TestDocumentTypeInterface" name="test_get_category_returns_valid[agravo-AgravoDocumentType]" time="0.001" /><testcase classname="tests.unit.test_document_types.TestDocumentTypeInterface" name="test_get_category_returns_valid[embargos_declaracao-EmbargosDeclaracaoDocumentType]" time="0.001" /><testcase classname="tests.unit.test_document_types.TestDocumentTypeInterface" name="test_get_pipeline_config_returns_config[parecer-ParecerDocumentType]" time="0.001" /><testcase classname="tests.unit.test_document_types.TestDocumentTypeInterface" name="test_get_pipeline_config_returns_config[peticao_inicial-PeticaoInicialDocumentType]" time="0.000" /><testcase classname="tests.unit.test_document_types.TestDocumentTypeInterface" name="test_get_pipeline_config_returns_config[contestacao-ContestacaoDocumentType]" time="0.001" /><testcase classname="tests.unit.test_document_types.TestDocumentTypeInterface" name="test_get_pipeline_config_returns_config[recurso-RecursoDocumentType]" time="0.001" /><testcase classname="tests.unit.test_document_types.TestDocumentTypeInterface" name="test_get_pipeline_config_returns_config[acao_civil_publica-AcaoCivilPublicaDocumentType]" time="0.001" /><testcase classname="tests.unit.test_document_types.TestDocumentTypeInterface" name="test_get_pipeline_config_returns_config[sentenca-SentencaDocumentType]" time="0.000" /><testcase classname="tests.unit.test_document_types.TestDocumentTypeInterface" name="test_get_pipeline_config_returns_config[mandado_seguranca-MandadoSegurancaDocumentType]" time="0.000" /><testcase classname="tests.unit.test_document_types.TestDocumentTypeInterface" name="test_get_pipeline_config_returns_config[habeas_corpus-HabeasCorpusDocumentType]" time="0.000" /><testcase classname="tests.unit.test_document_types.TestDocumentTypeInterface" name="test_get_pipeline_config_returns_config[agravo-AgravoDocumentType]" time="0.000" /><testcase classname="tests.unit.test_document_types.TestDocumentTypeInterface" name="test_get_pipeline_config_returns_config[embargos_declaracao-EmbargosDeclaracaoDocumentType]" time="0.000" /><testcase classname="tests.unit.test_document_types.TestDocumentTypeInterface" name="test_pipeline_has_required_fields[parecer-ParecerDocumentType]" time="0.001" /><testcase classname="tests.unit.test_document_types.TestDocumentTypeInterface" name="test_pipeline_has_required_fields[peticao_inicial-PeticaoInicialDocumentType]" time="0.001" /><testcase classname="tests.unit.test_document_types.TestDocumentTypeInterface" name="test_pipeline_has_required_fields[contestacao-ContestacaoDocumentType]" time="0.001" /><testcase classname="tests.unit.test_document_types.TestDocumentTypeInterface" name="test_pipeline_has_required_fields[recurso-RecursoDocumentType]" time="0.000" /><testcase classname="tests.unit.test_document_types.TestDocumentTypeInterface" name="test_pipeline_has_required_fields[acao_civil_publica-AcaoCivilPublicaDocumentType]" time="0.000" /><testcase classname="tests.unit.test_document_types.TestDocumentTypeInterface" name="test_pipeline_has_required_fields[sentenca-SentencaDocumentType]" time="0.000" /><testcase classname="tests.unit.test_document_types.TestDocumentTypeInterface" name="test_pipeline_has_required_fields[mandado_seguranca-MandadoSegurancaDocumentType]" time="0.001" /><testcase classname="tests.unit.test_document_types.TestDocumentTypeInterface" name="test_pipeline_has_required_fields[habeas_corpus-HabeasCorpusDocumentType]" time="0.001" /><testcase classname="tests.unit.test_document_types.TestDocumentTypeInterface" name="test_pipeline_has_required_fields[agravo-AgravoDocumentType]" time="0.001" /><testcase classname="tests.unit.test_document_types.TestDocumentTypeInterface" name="test_pipeline_has_required_fields[embargos_declaracao-EmbargosDeclaracaoDocumentType]" time="0.001" /><testcase classname="tests.unit.test_document_types.TestDocumentTypeInterface" name="test_each_agent_has_required_fields[parecer-ParecerDocumentType]" time="0.001" /><testcase classname="tests.unit.test_document_types.TestDocumentTypeInterface" name="test_each_agent_has_required_fields[peticao_inicial-PeticaoInicialDocumentType]" time="0.000" /><testcase classname="tests.unit.test_document_types.TestDocumentTypeInterface" name="test_each_agent_has_required_fields[contestacao-ContestacaoDocumentType]" time="0.000" /><testcase classname="tests.unit.test_document_types.TestDocumentTypeInterface" name="test_each_agent_has_required_fields[recurso-RecursoDocumentType]" time="0.000" /><testcase classname="tests.unit.test_document_types.TestDocumentTypeInterface" name="test_each_agent_has_required_fields[acao_civil_publica-AcaoCivilPublicaDocumentType]" time="0.000" /><testcase classname="tests.unit.test_document_types.TestDocumentTypeInterface" name="test_each_agent_has_required_fields[sentenca-SentencaDocumentType]" time="0.001" /><testcase classname="tests.unit.test_document_types.TestDocumentTypeInterface" name="test_each_agent_has_required_fields[mandado_seguranca-MandadoSegurancaDocumentType]" time="0.000" /><testcase classname="tests.unit.test_document_types.TestDocumentTypeInterface" name="test_each_agent_has_required_fields[habeas_corpus-HabeasCorpusDocumentType]" time="0.001" /><testcase classname="tests.unit.test_document_types.TestDocumentTypeInterface" name="test_each_agent_has_required_fields[agravo-AgravoDocumentType]" time="0.001" /><testcase classname="tests.unit.test_document_types.TestDocumentTypeInterface" name="test_each_agent_has_required_fields[embargos_declaracao-EmbargosDeclaracaoDocumentType]" time="0.001" /><testcase classname="tests.unit.test_document_types.TestDocumentTypeInterface" name="test_get_id_is_snake_case[parecer-ParecerDocumentType]" time="0.000" /><testcase classname="tests.unit.test_document_types.TestDocumentTypeInterface" name="test_get_id_is_snake_case[peticao_inicial-PeticaoInicialDocumentType]" time="0.001" /><testcase classname="tests.unit.test_document_types.TestDocumentTypeInterface" name="test_get_id_is_snake_case[contestacao-ContestacaoDocumentType]" time="0.001" /><testcase classname="tests.unit.test_document_types.TestDocumentTypeInterface" name="test_get_id_is_snake_case[recurso-RecursoDocumentType]" time="0.001" /><testcase classname="tests.unit.test_document_types.TestDocumentTypeInterface" name="test_get_id_is_snake_case[acao_civil_publica-AcaoCivilPublicaDocumentType]" time="0.001" /><testcase classname="tests.unit.test_document_types.TestDocumentTypeInterface" name="test_get_id_is_snake_case[sentenca-SentencaDocumentType]" time="0.001" /><testcase classname="tests.unit.test_document_types.TestDocumentTypeInterface" name="test_get_id_is_snake_case[mandado_seguranca-MandadoSegurancaDocumentType]" time="0.001" /><testcase classname="tests.unit.test_document_types.TestDocumentTypeInterface" name="test_get_id_is_snake_case[habeas_corpus-HabeasCorpusDocumentType]" time="0.001" /><testcase classname="tests.unit.test_document_types.TestDocumentTypeInterface" name="test_get_id_is_snake_case[agravo-AgravoDocumentType]" time="0.000" /><testcase classname="tests.unit.test_document_types.TestDocumentTypeInterface" name="test_get_id_is_snake_case[embargos_declaracao-EmbargosDeclaracaoDocumentType]" time="0.000" /><testcase classname="tests.unit.test_document_types.TestDocumentTypeInterface" name="test_has_health_check_method[parecer-ParecerDocumentType]" time="0.000" /><testcase classname="tests.unit.test_document_types.TestDocumentTypeInterface" name="test_has_health_check_method[peticao_inicial-PeticaoInicialDocumentType]" time="0.000" /><testcase classname="tests.unit.test_document_types.TestDocumentTypeInterface" name="test_has_health_check_method[contestacao-ContestacaoDocumentType]" time="0.001" /><testcase classname="tests.unit.test_document_types.TestDocumentTypeInterface" name="test_has_health_check_method[recurso-RecursoDocumentType]" time="0.000" /><testcase classname="tests.unit.test_document_types.TestDocumentTypeInterface" name="test_has_health_check_method[acao_civil_publica-AcaoCivilPublicaDocumentType]" time="0.000" /><testcase classname="tests.unit.test_document_types.TestDocumentTypeInterface" name="test_has_health_check_method[sentenca-SentencaDocumentType]" time="0.000" /><testcase classname="tests.unit.test_document_types.TestDocumentTypeInterface" name="test_has_health_check_method[mandado_seguranca-MandadoSegurancaDocumentType]" time="0.000" /><testcase classname="tests.unit.test_document_types.TestDocumentTypeInterface" name="test_has_health_check_method[habeas_corpus-HabeasCorpusDocumentType]" time="0.000" /><testcase classname="tests.unit.test_document_types.TestDocumentTypeInterface" name="test_has_health_check_method[agravo-AgravoDocumentType]" time="0.000" /><testcase classname="tests.unit.test_document_types.TestDocumentTypeInterface" name="test_has_health_check_method[embargos_declaracao-EmbargosDeclaracaoDocumentType]" time="0.001" /><testcase classname="tests.unit.test_integrator_rules.TestIntegratorInterface" name="test_has_get_header[parecer-packages.modules.document_types.parecer.integrator_rules]" time="0.000" /><testcase classname="tests.unit.test_integrator_rules.TestIntegratorInterface" name="test_has_get_header[peticao_inicial-packages.modules.document_types.peticao_inicial.integrator_rules]" time="0.000" /><testcase classname="tests.unit.test_integrator_rules.TestIntegratorInterface" name="test_has_get_header[contestacao-packages.modules.document_types.contestacao.integrator_rules]" time="0.000" /><testcase classname="tests.unit.test_integrator_rules.TestIntegratorInterface" name="test_has_get_header[recurso-packages.modules.document_types.recurso.integrator_rules]" time="0.000" /><testcase classname="tests.unit.test_integrator_rules.TestIntegratorInterface" name="test_has_get_header[sentenca-packages.modules.document_types.sentenca.integrator_rules]" time="0.000" /><testcase classname="tests.unit.test_integrator_rules.TestIntegratorInterface" name="test_has_get_header[acao_civil_publica-packages.modules.document_types.acao_civil_publica.integrator_rules]" time="0.000" /><testcase classname="tests.unit.test_integrator_rules.TestIntegratorInterface" name="test_has_get_footer[parecer-packages.modules.document_types.parecer.integrator_rules]" time="0.000" /><testcase classname="tests.unit.test_integrator_rules.TestIntegratorInterface" name="test_has_get_footer[peticao_inicial-packages.modules.document_types.peticao_inicial.integrator_rules]" time="0.000" /><testcase classname="tests.unit.test_integrator_rules.TestIntegratorInterface" name="test_has_get_footer[contestacao-packages.modules.document_types.contestacao.integrator_rules]" time="0.000" /><testcase classname="tests.unit.test_integrator_rules.TestIntegratorInterface" name="test_has_get_footer[recurso-packages.modules.document_types.recurso.integrator_rules]" time="0.000" /><testcase classname="tests.unit.test_integrator_rules.TestIntegratorInterface" name="test_has_get_footer[sentenca-packages.modules.document_types.sentenca.integrator_rules]" time="0.000" /><testcase classname="tests.unit.test_integrator_rules.TestIntegratorInterface" name="test_has_get_footer[acao_civil_publica-packages.modules.document_types.acao_civil_publica.integrator_rules]" time="0.000" /><testcase classname="tests.unit.test_integrator_rules.TestIntegratorInterface" name="test_has_post_process[parecer-packages.modules.document_types.parecer.integrator_rules]" time="0.000" /><testcase classname="tests.unit.test_integrator_rules.TestIntegratorInterface" name="test_has_post_process[peticao_inicial-packages.modules.document_types.peticao_inicial.integrator_rules]" time="0.000" /><testcase classname="tests.unit.test_integrator_rules.TestIntegratorInterface" name="test_has_post_process[contestacao-packages.modules.document_types.contestacao.integrator_rules]" time="0.000" /><testcase classname="tests.unit.test_integrator_rules.TestIntegratorInterface" name="test_has_post_process[recurso-packages.modules.document_types.recurso.integrator_rules]" time="0.000" /><testcase classname="tests.unit.test_integrator_rules.TestIntegratorInterface" name="test_has_post_process[sentenca-packages.modules.document_types.sentenca.integrator_rules]" time="0.000" /><testcase classname="tests.unit.test_integrator_rules.TestIntegratorInterface" name="test_has_post_process[acao_civil_publica-packages.modules.document_types.acao_civil_publica.integrator_rules]" time="0.001" /><testcase classname="tests.unit.test_integrator_rules.TestIntegratorInterface" name="test_get_header_returns_string[parecer-packages.modules.document_types.parecer.integrator_rules]" time="0.001" /><testcase classname="tests.unit.test_integrator_rules.TestIntegratorInterface" name="test_get_header_returns_string[peticao_inicial-packages.modules.document_types.peticao_inicial.integrator_rules]" time="0.000" /><testcase classname="tests.unit.test_integrator_rules.TestIntegratorInterface" name="test_get_header_returns_string[contestacao-packages.modules.document_types.contestacao.integrator_rules]" time="0.001" /><testcase classname="tests.unit.test_integrator_rules.TestIntegratorInterface" name="test_get_header_returns_string[recurso-packages.modules.document_types.recurso.integrator_rules]" time="0.000" /><testcase classname="tests.unit.test_integrator_rules.TestIntegratorInterface" name="test_get_header_returns_string[sentenca-packages.modules.document_types.sentenca.integrator_rules]" time="0.000" /><testcase classname="tests.unit.test_integrator_rules.TestIntegratorInterface" name="test_get_header_returns_string[acao_civil_publica-packages.modules.document_types.acao_civil_publica.integrator_rules]" time="0.000" /><testcase classname="tests.unit.test_integrator_rules.TestIntegratorInterface" name="test_get_footer_returns_string[parecer-packages.modules.document_types.parecer.integrator_rules]" time="0.000" /><testcase classname="tests.unit.test_integrator_rules.TestIntegratorInterface" name="test_get_footer_returns_string[peticao_inicial-packages.modules.document_types.peticao_inicial.integrator_rules]" time="0.000" /><testcase classname="tests.unit.test_integrator_rules.TestIntegratorInterface" name="test_get_footer_returns_string[contestacao-packages.modules.document_types.contestacao.integrator_rules]" time="0.000" /><testcase classname="tests.unit.test_integrator_rules.TestIntegratorInterface" name="test_get_footer_returns_string[recurso-packages.modules.document_types.recurso.integrator_rules]" time="0.000" /><testcase classname="tests.unit.test_integrator_rules.TestIntegratorInterface" name="test_get_footer_returns_string[sentenca-packages.modules.document_types.sentenca.integrator_rules]" time="0.001" /><testcase classname="tests.unit.test_integrator_rules.TestIntegratorInterface" name="test_get_footer_returns_string[acao_civil_publica-packages.modules.document_types.acao_civil_publica.integrator_rules]" time="0.001" /><testcase classname="tests.unit.test_integrator_rules.TestIntegratorInterface" name="test_post_process_returns_string[parecer-packages.modules.document_types.parecer.integrator_rules]" time="0.001" /><testcase classname="tests.unit.test_integrator_rules.TestIntegratorInterface" name="test_post_process_returns_string[peticao_inicial-packages.modules.document_types.peticao_inicial.integrator_rules]" time="0.002" /><testcase classname="tests.unit.test_integrator_rules.TestIntegratorInterface" name="test_post_process_returns_string[contestacao-packages.modules.document_types.contestacao.integrator_rules]" time="0.001" /><testcase classname="tests.unit.test_integrator_rules.TestIntegratorInterface" name="test_post_process_returns_string[recurso-packages.modules.document_types.recurso.integrator_rules]" time="0.001" /><testcase classname="tests.unit.test_integrator_rules.TestIntegratorInterface" name="test_post_process_returns_string[sentenca-packages.modules.document_types.sentenca.integrator_rules]" time="0.001" /><testcase classname="tests.unit.test_integrator_rules.TestIntegratorInterface" name="test_post_process_returns_string[acao_civil_publica-packages.modules.document_types.acao_civil_publica.integrator_rules]" time="0.001" /><testcase classname="tests.unit.test_integrator_rules.TestIntegratorInterface" name="test_get_footer_contains_current_year[parecer-packages.modules.document_types.parecer.integrator_rules]" time="0.000" /><testcase classname="tests.unit.test_integrator_rules.TestIntegratorInterface" name="test_get_footer_contains_current_year[peticao_inicial-packages.modules.document_types.peticao_inicial.integrator_rules]" time="0.000" /><testcase classname="tests.unit.test_integrator_rules.TestIntegratorInterface" name="test_get_footer_contains_current_year[contestacao-packages.modules.document_types.contestacao.integrator_rules]" time="0.000" /><testcase classname="tests.unit.test_integrator_rules.TestIntegratorInterface" name="test_get_footer_contains_current_year[recurso-packages.modules.document_types.recurso.integrator_rules]" time="0.000" /><testcase classname="tests.unit.test_integrator_rules.TestIntegratorInterface" name="test_get_footer_contains_current_year[sentenca-packages.modules.document_types.sentenca.integrator_rules]" time="0.000" /><testcase classname="tests.unit.test_integrator_rules.TestIntegratorInterface" name="test_get_footer_contains_current_year[acao_civil_publica-packages.modules.document_types.acao_civil_publica.integrator_rules]" time="0.000" /><testcase classname="tests.unit.test_integrator_rules.TestIntegratorInterface" name="test_post_process_removes_markdown_bold[parecer-packages.modules.document_types.parecer.integrator_rules]" time="0.000" /><testcase classname="tests.unit.test_integrator_rules.TestIntegratorInterface" name="test_post_process_removes_markdown_bold[peticao_inicial-packages.modules.document_types.peticao_inicial.integrator_rules]" time="0.001" /><testcase classname="tests.unit.test_integrator_rules.TestIntegratorInterface" name="test_post_process_removes_markdown_bold[contestacao-packages.modules.document_types.contestacao.integrator_rules]" time="0.000" /><testcase classname="tests.unit.test_integrator_rules.TestIntegratorInterface" name="test_post_process_removes_markdown_bold[recurso-packages.modules.document_types.recurso.integrator_rules]" time="0.000" /><testcase classname="tests.unit.test_integrator_rules.TestIntegratorInterface" name="test_post_process_removes_markdown_bold[sentenca-packages.modules.document_types.sentenca.integrator_rules]" time="0.000" /><testcase classname="tests.unit.test_integrator_rules.TestIntegratorInterface" name="test_post_process_removes_markdown_bold[acao_civil_publica-packages.modules.document_types.acao_civil_publica.integrator_rules]" time="0.000" /><testcase classname="tests.unit.test_integrator_rules.TestIntegratorInterface" name="test_post_process_removes_markdown_headers[parecer-packages.modules.document_types.parecer.integrator_rules]" time="0.000" /><testcase classname="tests.unit.test_integrator_rules.TestIntegratorInterface" name="test_post_process_removes_markdown_headers[peticao_inicial-packages.modules.document_types.peticao_inicial.integrator_rules]" time="0.000" /><testcase classname="tests.unit.test_integrator_rules.TestIntegratorInterface" name="test_post_process_removes_markdown_headers[contestacao-packages.modules.document_types.contestacao.integrator_rules]" time="0.000" /><testcase classname="tests.unit.test_integrator_rules.TestIntegratorInterface" name="test_post_process_removes_markdown_headers[recurso-packages.modules.document_types.recurso.integrator_rules]" time="0.000" /><testcase classname="tests.unit.test_integrator_rules.TestIntegratorInterface" name="test_post_process_removes_markdown_headers[sentenca-packages.modules.document_types.sentenca.integrator_rules]" time="0.000" /><testcase classname="tests.unit.test_integrator_rules.TestIntegratorInterface" name="test_post_process_removes_markdown_headers[acao_civil_publica-packages.modules.document_types.acao_civil_publica.integrator_rules]" time="0.000" /><testcase classname="tests.unit.test_integrator_rules.TestIntegratorInterface" name="test_post_process_collapses_excess_newlines[parecer-packages.modules.document_types.parecer.integrator_rules]" time="0.000" /><testcase classname="tests.unit.test_integrator_rules.TestIntegratorInterface" name="test_post_process_collapses_excess_newlines[peticao_inicial-packages.modules.document_types.peticao_inicial.integrator_rules]" time="0.001" /><testcase classname="tests.unit.test_integrator_rules.TestIntegratorInterface" name="test_post_process_collapses_excess_newlines[contestacao-packages.modules.document_types.contestacao.integrator_rules]" time="0.000" /><testcase classname="tests.unit.test_integrator_rules.TestIntegratorInterface" name="test_post_process_collapses_excess_newlines[recurso-packages.modules.document_types.recurso.integrator_rules]" time="0.000" /><testcase classname="tests.unit.test_integrator_rules.TestIntegratorInterface" name="test_post_process_collapses_excess_newlines[sentenca-packages.modules.document_types.sentenca.integrator_rules]" time="0.000" /><testcase classname="tests.unit.test_integrator_rules.TestIntegratorInterface" name="test_post_process_collapses_excess_newlines[acao_civil_publica-packages.modules.document_types.acao_civil_publica.integrator_rules]" time="0.000" /><testcase classname="tests.unit.test_integrator_rules.TestIntegratorInterface" name="test_post_process_strips_text[parecer-packages.modules.document_types.parecer.integrator_rules]" time="0.000" /><testcase classname="tests.unit.test_integrator_rules.TestIntegratorInterface" name="test_post_process_strips_text[peticao_inicial-packages.modules.document_types.peticao_inicial.integrator_rules]" time="0.000" /><testcase classname="tests.unit.test_integrator_rules.TestIntegratorInterface" name="test_post_process_strips_text[contestacao-packages.modules.document_types.contestacao.integrator_rules]" time="0.000" /><testcase classname="tests.unit.test_integrator_rules.TestIntegratorInterface" name="test_post_process_strips_text[recurso-packages.modules.document_types.recurso.integrator_rules]" time="0.001" /><testcase classname="tests.unit.test_integrator_rules.TestIntegratorInterface" name="test_post_process_strips_text[sentenca-packages.modules.document_types.sentenca.integrator_rules]" time="0.001" /><testcase classname="tests.unit.test_integrator_rules.TestIntegratorInterface" name="test_post_process_strips_text[acao_civil_publica-packages.modules.document_types.acao_civil_publica.integrator_rules]" time="0.001" /><testcase classname="tests.unit.test_integrator_rules.TestIntegratorInterface" name="test_get_header_with_org_name[parecer-packages.modules.document_types.parecer.integrator_rules]" time="0.001" /><testcase classname="tests.unit.test_integrator_rules.TestIntegratorInterface" name="test_get_header_with_org_name[peticao_inicial-packages.modules.document_types.peticao_inicial.integrator_rules]" time="0.000" /><testcase classname="tests.unit.test_integrator_rules.TestIntegratorInterface" name="test_get_header_with_org_name[contestacao-packages.modules.document_types.contestacao.integrator_rules]" time="0.000" /><testcase classname="tests.unit.test_integrator_rules.TestIntegratorInterface" name="test_get_header_with_org_name[recurso-packages.modules.document_types.recurso.integrator_rules]" time="0.000" /><testcase classname="tests.unit.test_integrator_rules.TestIntegratorInterface" name="test_get_header_with_org_name[sentenca-packages.modules.document_types.sentenca.integrator_rules]" time="0.000" /><testcase classname="tests.unit.test_integrator_rules.TestIntegratorInterface" name="test_get_header_with_org_name[acao_civil_publica-packages.modules.document_types.acao_civil_publica.integrator_rules]" time="0.000" /><testcase classname="tests.unit.test_integrator_rules.TestIntegratorInterface" name="test_get_footer_with_author[parecer-packages.modules.document_types.parecer.integrator_rules]" time="0.000" /><testcase classname="tests.unit.test_integrator_rules.TestIntegratorInterface" name="test_get_footer_with_author[peticao_inicial-packages.modules.document_types.peticao_inicial.integrator_rules]" time="0.001" /><testcase classname="tests.unit.test_integrator_rules.TestIntegratorInterface" name="test_get_footer_with_author[contestacao-packages.modules.document_types.contestacao.integrator_rules]" time="0.000" /><testcase classname="tests.unit.test_integrator_rules.TestIntegratorInterface" name="test_get_footer_with_author[recurso-packages.modules.document_types.recurso.integrator_rules]" time="0.001" /><testcase classname="tests.unit.test_integrator_rules.TestIntegratorInterface" name="test_get_footer_with_author[sentenca-packages.modules.document_types.sentenca.integrator_rules]" time="0.001" /><testcase classname="tests.unit.test_integrator_rules.TestIntegratorInterface" name="test_get_footer_with_author[acao_civil_publica-packages.modules.document_types.acao_civil_publica.integrator_rules]" time="0.001" /><testcase classname="tests.unit.test_integrator_rules.TestParecerIntegrator" name="test_mprs_header_contains_greeting" time="0.000" /><testcase classname="tests.unit.test_integrator_rules.TestParecerIntegrator" name="test_generic_header_with_user_title" time="0.000" /><testcase classname="tests.unit.test_integrator_rules.TestParecerIntegrator" name="test_footer_has_date" time="0.000" /><testcase classname="tests.unit.test_integrator_rules.TestParecerIntegrator" name="test_post_process_removes_duplicate_sections" time="0.001" /><testcase classname="tests.unit.test_integrator_rules.TestPeticaoIntegrator" name="test_header_contains_judicial_address" time="0.000" /><testcase classname="tests.unit.test_integrator_rules.TestPeticaoIntegrator" name="test_header_with_comarca_and_vara" time="0.001" /><testcase classname="tests.unit.test_integrator_rules.TestPeticaoIntegrator" name="test_footer_contains_closing" time="0.000" /><testcase classname="tests.unit.test_integrator_rules.TestPeticaoIntegrator" name="test_post_process_removes_header_from_body" time="0.001" /><testcase classname="tests.unit.test_integrator_rules.TestContestacaoIntegrator" name="test_header_with_processo_number" time="0.000" /><testcase classname="tests.unit.test_integrator_rules.TestContestacaoIntegrator" name="test_footer_with_defensora" time="0.000" /><testcase classname="tests.unit.test_integrator_rules.TestRecursoIntegrator" name="test_apelacao_header" time="0.000" /><testcase classname="tests.unit.test_integrator_rules.TestRecursoIntegrator" name="test_embargos_header" time="0.000" /><testcase classname="tests.unit.test_integrator_rules.TestRecursoIntegrator" name="test_agravo_instrumento_header" time="0.000" /><testcase classname="tests.unit.test_integrator_rules.TestSentencaIntegrator" name="test_header_starts_with_poder_judiciario" time="0.000" /><testcase classname="tests.unit.test_integrator_rules.TestSentencaIntegrator" name="test_header_includes_comarca" time="0.000" /><testcase classname="tests.unit.test_integrator_rules.TestSentencaIntegrator" name="test_post_process_preserves_dispositivo" time="0.000" /><testcase classname="tests.unit.test_integrator_rules.TestAcpIntegrator" name="test_header_contains_judicial_address" time="0.000" /><testcase classname="tests.unit.test_integrator_rules.TestAcpIntegrator" name="test_footer_contains_mp_closing" time="0.000" /><testcase classname="tests.unit.test_legal_areas.TestLegalAreaInterface" name="test_instantiable[administrative-AdministrativeArea]" time="0.000" /><testcase classname="tests.unit.test_legal_areas.TestLegalAreaInterface" name="test_instantiable[civil-CivilArea]" time="0.000" /><testcase classname="tests.unit.test_legal_areas.TestLegalAreaInterface" name="test_instantiable[constitutional-ConstitutionalArea]" time="0.001" /><testcase classname="tests.unit.test_legal_areas.TestLegalAreaInterface" name="test_instantiable[labor-LaborArea]" time="0.001" /><testcase classname="tests.unit.test_legal_areas.TestLegalAreaInterface" name="test_instantiable[tax-TaxArea]" time="0.001" /><testcase classname="tests.unit.test_legal_areas.TestLegalAreaInterface" name="test_instantiable[criminal-CriminalArea]" time="0.000" /><testcase classname="tests.unit.test_legal_areas.TestLegalAreaInterface" name="test_instantiable[criminal_procedure-CriminalProcedureArea]" time="0.000" /><testcase classname="tests.unit.test_legal_areas.TestLegalAreaInterface" name="test_instantiable[civil_procedure-CivilProcedureArea]" time="0.001" /><testcase classname="tests.unit.test_legal_areas.TestLegalAreaInterface" name="test_instantiable[consumer-ConsumerArea]" time="0.000" /><testcase classname="tests.unit.test_legal_areas.TestLegalAreaInterface" name="test_instantiable[environmental-EnvironmentalArea]" time="0.000" /><testcase classname="tests.unit.test_legal_areas.TestLegalAreaInterface" name="test_instantiable[business-BusinessArea]" time="0.000" /><testcase classname="tests.unit.test_legal_areas.TestLegalAreaInterface" name="test_instantiable[family-FamilyArea]" time="0.000" /><testcase classname="tests.unit.test_legal_areas.TestLegalAreaInterface" name="test_instantiable[inheritance-InheritanceArea]" time="0.000" /><testcase classname="tests.unit.test_legal_areas.TestLegalAreaInterface" name="test_instantiable[social_security-SocialSecurityArea]" time="0.000" /><testcase classname="tests.unit.test_legal_areas.TestLegalAreaInterface" name="test_instantiable[electoral-ElectoralArea]" time="0.000" /><testcase classname="tests.unit.test_legal_areas.TestLegalAreaInterface" name="test_instantiable[international-InternationalArea]" time="0.000" /><testcase classname="tests.unit.test_legal_areas.TestLegalAreaInterface" name="test_instantiable[digital-DigitalArea]" time="0.000" /><testcase classname="tests.unit.test_legal_areas.TestLegalAreaInterface" name="test_get_id_returns_correct_value[administrative-AdministrativeArea]" time="0.001" /><testcase classname="tests.unit.test_legal_areas.TestLegalAreaInterface" name="test_get_id_returns_correct_value[civil-CivilArea]" time="0.000" /><testcase classname="tests.unit.test_legal_areas.TestLegalAreaInterface" name="test_get_id_returns_correct_value[constitutional-ConstitutionalArea]" time="0.000" /><testcase classname="tests.unit.test_legal_areas.TestLegalAreaInterface" name="test_get_id_returns_correct_value[labor-LaborArea]" time="0.000" /><testcase classname="tests.unit.test_legal_areas.TestLegalAreaInterface" name="test_get_id_returns_correct_value[tax-TaxArea]" time="0.000" /><testcase classname="tests.unit.test_legal_areas.TestLegalAreaInterface" name="test_get_id_returns_correct_value[criminal-CriminalArea]" time="0.000" /><testcase classname="tests.unit.test_legal_areas.TestLegalAreaInterface" name="test_get_id_returns_correct_value[criminal_procedure-CriminalProcedureArea]" time="0.000" /><testcase classname="tests.unit.test_legal_areas.TestLegalAreaInterface" name="test_get_id_returns_correct_value[civil_procedure-CivilProcedureArea]" time="0.001" /><testcase classname="tests.unit.test_legal_areas.TestLegalAreaInterface" name="test_get_id_returns_correct_value[consumer-ConsumerArea]" time="0.000" /><testcase classname="tests.unit.test_legal_areas.TestLegalAreaInterface" name="test_get_id_returns_correct_value[environmental-EnvironmentalArea]" time="0.000" /><testcase classname="tests.unit.test_legal_areas.TestLegalAreaInterface" name="test_get_id_returns_correct_value[business-BusinessArea]" time="0.000" /><testcase classname="tests.unit.test_legal_areas.TestLegalAreaInterface" name="test_get_id_returns_correct_value[family-FamilyArea]" time="0.001" /><testcase classname="tests.unit.test_legal_areas.TestLegalAreaInterface" name="test_get_id_returns_correct_value[inheritance-InheritanceArea]" time="0.000" /><testcase classname="tests.unit.test_legal_areas.TestLegalAreaInterface" name="test_get_id_returns_correct_value[social_security-SocialSecurityArea]" time="0.001" /><testcase classname="tests.unit.test_legal_areas.TestLegalAreaInterface" name="test_get_id_returns_correct_value[electoral-ElectoralArea]" time="0.000" /><testcase classname="tests.unit.test_legal_areas.TestLegalAreaInterface" name="test_get_id_returns_correct_value[international-InternationalArea]" time="0.000" /><testcase classname="tests.unit.test_legal_areas.TestLegalAreaInterface" name="test_get_id_returns_correct_value[digital-DigitalArea]" time="0.000" /><testcase classname="tests.unit.test_legal_areas.TestLegalAreaInterface" name="test_get_name_returns_non_empty_string[administrative-AdministrativeArea]" time="0.000" /><testcase classname="tests.unit.test_legal_areas.TestLegalAreaInterface" name="test_get_name_returns_non_empty_string[civil-CivilArea]" time="0.000" /><testcase classname="tests.unit.test_legal_areas.TestLegalAreaInterface" name="test_get_name_returns_non_empty_string[constitutional-ConstitutionalArea]" time="0.000" /><testcase classname="tests.unit.test_legal_areas.TestLegalAreaInterface" name="test_get_name_returns_non_empty_string[labor-LaborArea]" time="0.001" /><testcase classname="tests.unit.test_legal_areas.TestLegalAreaInterface" name="test_get_name_returns_non_empty_string[tax-TaxArea]" time="0.000" /><testcase classname="tests.unit.test_legal_areas.TestLegalAreaInterface" name="test_get_name_returns_non_empty_string[criminal-CriminalArea]" time="0.001" /><testcase classname="tests.unit.test_legal_areas.TestLegalAreaInterface" name="test_get_name_returns_non_empty_string[criminal_procedure-CriminalProcedureArea]" time="0.000" /><testcase classname="tests.unit.test_legal_areas.TestLegalAreaInterface" name="test_get_name_returns_non_empty_string[civil_procedure-CivilProcedureArea]" time="0.000" /><testcase classname="tests.unit.test_legal_areas.TestLegalAreaInterface" name="test_get_name_returns_non_empty_string[consumer-ConsumerArea]" time="0.000" /><testcase classname="tests.unit.test_legal_areas.TestLegalAreaInterface" name="test_get_name_returns_non_empty_string[environmental-EnvironmentalArea]" time="0.000" /><testcase classname="tests.unit.test_legal_areas.TestLegalAreaInterface" name="test_get_name_returns_non_empty_string[business-BusinessArea]" time="0.000" /><testcase classname="tests.unit.test_legal_areas.TestLegalAreaInterface" name="test_get_name_returns_non_empty_string[family-FamilyArea]" time="0.000" /><testcase classname="tests.unit.test_legal_areas.TestLegalAreaInterface" name="test_get_name_returns_non_empty_string[inheritance-InheritanceArea]" time="0.000" /><testcase classname="tests.unit.test_legal_areas.TestLegalAreaInterface" name="test_get_name_returns_non_empty_string[social_security-SocialSecurityArea]" time="0.000" /><testcase classname="tests.unit.test_legal_areas.TestLegalAreaInterface" name="test_get_name_returns_non_empty_string[electoral-ElectoralArea]" time="0.000" /><testcase classname="tests.unit.test_legal_areas.TestLegalAreaInterface" name="test_get_name_returns_non_empty_string[international-InternationalArea]" time="0.000" /><testcase classname="tests.unit.test_legal_areas.TestLegalAreaInterface" name="test_get_name_returns_non_empty_string[digital-DigitalArea]" time="0.001" /><testcase classname="tests.unit.test_legal_areas.TestLegalAreaInterface" name="test_get_description_returns_non_empty_string[administrative-AdministrativeArea]" time="0.001" /><testcase classname="tests.unit.test_legal_areas.TestLegalAreaInterface" name="test_get_description_returns_non_empty_string[civil-CivilArea]" time="0.000" /><testcase classname="tests.unit.test_legal_areas.TestLegalAreaInterface" name="test_get_description_returns_non_empty_string[constitutional-ConstitutionalArea]" time="0.000" /><testcase classname="tests.unit.test_legal_areas.TestLegalAreaInterface" name="test_get_description_returns_non_empty_string[labor-LaborArea]" time="0.001" /><testcase classname="tests.unit.test_legal_areas.TestLegalAreaInterface" name="test_get_description_returns_non_empty_string[tax-TaxArea]" time="0.000" /><testcase classname="tests.unit.test_legal_areas.TestLegalAreaInterface" name="test_get_description_returns_non_empty_string[criminal-CriminalArea]" time="0.001" /><testcase classname="tests.unit.test_legal_areas.TestLegalAreaInterface" name="test_get_description_returns_non_empty_string[criminal_procedure-CriminalProcedureArea]" time="0.000" /><testcase classname="tests.unit.test_legal_areas.TestLegalAreaInterface" name="test_get_description_returns_non_empty_string[civil_procedure-CivilProcedureArea]" time="0.001" /><testcase classname="tests.unit.test_legal_areas.TestLegalAreaInterface" name="test_get_description_returns_non_empty_string[consumer-ConsumerArea]" time="0.001" /><testcase classname="tests.unit.test_legal_areas.TestLegalAreaInterface" name="test_get_description_returns_non_empty_string[environmental-EnvironmentalArea]" time="0.000" /><testcase classname="tests.unit.test_legal_areas.TestLegalAreaInterface" name="test_get_description_returns_non_empty_string[business-BusinessArea]" time="0.000" /><testcase classname="tests.unit.test_legal_areas.TestLegalAreaInterface" name="test_get_description_returns_non_empty_string[family-FamilyArea]" time="0.001" /><testcase classname="tests.unit.test_legal_areas.TestLegalAreaInterface" name="test_get_description_returns_non_empty_string[inheritance-InheritanceArea]" time="0.000" /><testcase classname="tests.unit.test_legal_areas.TestLegalAreaInterface" name="test_get_description_returns_non_empty_string[social_security-SocialSecurityArea]" time="0.000" /><testcase classname="tests.unit.test_legal_areas.TestLegalAreaInterface" name="test_get_description_returns_non_empty_string[electoral-ElectoralArea]" time="0.000" /><testcase classname="tests.unit.test_legal_areas.TestLegalAreaInterface" name="test_get_description_returns_non_empty_string[international-InternationalArea]" time="0.000" /><testcase classname="tests.unit.test_legal_areas.TestLegalAreaInterface" name="test_get_description_returns_non_empty_string[digital-DigitalArea]" time="0.000" /><testcase classname="tests.unit.test_legal_areas.TestLegalAreaInterface" name="test_get_specializations_returns_list[administrative-AdministrativeArea]" time="0.000" /><testcase classname="tests.unit.test_legal_areas.TestLegalAreaInterface" name="test_get_specializations_returns_list[civil-CivilArea]" time="0.000" /><testcase classname="tests.unit.test_legal_areas.TestLegalAreaInterface" name="test_get_specializations_returns_list[constitutional-ConstitutionalArea]" time="0.000" /><testcase classname="tests.unit.test_legal_areas.TestLegalAreaInterface" name="test_get_specializations_returns_list[labor-LaborArea]" time="0.000" /><testcase classname="tests.unit.test_legal_areas.TestLegalAreaInterface" name="test_get_specializations_returns_list[tax-TaxArea]" time="0.000" /><testcase classname="tests.unit.test_legal_areas.TestLegalAreaInterface" name="test_get_specializations_returns_list[criminal-CriminalArea]" time="0.000" /><testcase classname="tests.unit.test_legal_areas.TestLegalAreaInterface" name="test_get_specializations_returns_list[criminal_procedure-CriminalProcedureArea]" time="0.000" /><testcase classname="tests.unit.test_legal_areas.TestLegalAreaInterface" name="test_get_specializations_returns_list[civil_procedure-CivilProcedureArea]" time="0.000" /><testcase classname="tests.unit.test_legal_areas.TestLegalAreaInterface" name="test_get_specializations_returns_list[consumer-ConsumerArea]" time="0.000" /><testcase classname="tests.unit.test_legal_areas.TestLegalAreaInterface" name="test_get_specializations_returns_list[environmental-EnvironmentalArea]" time="0.000" /><testcase classname="tests.unit.test_legal_areas.TestLegalAreaInterface" name="test_get_specializations_returns_list[business-BusinessArea]" time="0.000" /><testcase classname="tests.unit.test_legal_areas.TestLegalAreaInterface" name="test_get_specializations_returns_list[family-FamilyArea]" time="0.000" /><testcase classname="tests.unit.test_legal_areas.TestLegalAreaInterface" name="test_get_specializations_returns_list[inheritance-InheritanceArea]" time="0.000" /><testcase classname="tests.unit.test_legal_areas.TestLegalAreaInterface" name="test_get_specializations_returns_list[social_security-SocialSecurityArea]" time="0.000" /><testcase classname="tests.unit.test_legal_areas.TestLegalAreaInterface" name="test_get_specializations_returns_list[electoral-ElectoralArea]" time="0.000" /><testcase classname="tests.unit.test_legal_areas.TestLegalAreaInterface" name="test_get_specializations_returns_list[international-InternationalArea]" time="0.000" /><testcase classname="tests.unit.test_legal_areas.TestLegalAreaInterface" name="test_get_specializations_returns_list[digital-DigitalArea]" time="0.001" /><testcase classname="tests.unit.test_legal_areas.TestLegalAreaInterface" name="test_get_specializations_are_strings[administrative-AdministrativeArea]" time="0.001" /><testcase classname="tests.unit.test_legal_areas.TestLegalAreaInterface" name="test_get_specializations_are_strings[civil-CivilArea]" time="0.000" /><testcase classname="tests.unit.test_legal_areas.TestLegalAreaInterface" name="test_get_specializations_are_strings[constitutional-ConstitutionalArea]" time="0.000" /><testcase classname="tests.unit.test_legal_areas.TestLegalAreaInterface" name="test_get_specializations_are_strings[labor-LaborArea]" time="0.000" /><testcase classname="tests.unit.test_legal_areas.TestLegalAreaInterface" name="test_get_specializations_are_strings[tax-TaxArea]" time="0.000" /><testcase classname="tests.unit.test_legal_areas.TestLegalAreaInterface" name="test_get_specializations_are_strings[criminal-CriminalArea]" time="0.000" /><testcase classname="tests.unit.test_legal_areas.TestLegalAreaInterface" name="test_get_specializations_are_strings[criminal_procedure-CriminalProcedureArea]" time="0.000" /><testcase classname="tests.unit.test_legal_areas.TestLegalAreaInterface" name="test_get_specializations_are_strings[civil_procedure-CivilProcedureArea]" time="0.000" /><testcase classname="tests.unit.test_legal_areas.TestLegalAreaInterface" name="test_get_specializations_are_strings[consumer-ConsumerArea]" time="0.000" /><testcase classname="tests.unit.test_legal_areas.TestLegalAreaInterface" name="test_get_specializations_are_strings[environmental-EnvironmentalArea]" time="0.001" /><testcase classname="tests.unit.test_legal_areas.TestLegalAreaInterface" name="test_get_specializations_are_strings[business-BusinessArea]" time="0.001" /><testcase classname="tests.unit.test_legal_areas.TestLegalAreaInterface" name="test_get_specializations_are_strings[family-FamilyArea]" time="0.000" /><testcase classname="tests.unit.test_legal_areas.TestLegalAreaInterface" name="test_get_specializations_are_strings[inheritance-InheritanceArea]" time="0.000" /><testcase classname="tests.unit.test_legal_areas.TestLegalAreaInterface" name="test_get_specializations_are_strings[social_security-SocialSecurityArea]" time="0.000" /><testcase classname="tests.unit.test_legal_areas.TestLegalAreaInterface" name="test_get_specializations_are_strings[electoral-ElectoralArea]" time="0.000" /><testcase classname="tests.unit.test_legal_areas.TestLegalAreaInterface" name="test_get_specializations_are_strings[international-InternationalArea]" time="0.000" /><testcase classname="tests.unit.test_legal_areas.TestLegalAreaInterface" name="test_get_specializations_are_strings[digital-DigitalArea]" time="0.000" /><testcase classname="tests.unit.test_legal_areas.TestLegalAreaInterface" name="test_get_guides_returns_list[administrative-AdministrativeArea]" time="0.001" /><testcase classname="tests.unit.test_legal_areas.TestLegalAreaInterface" name="test_get_guides_returns_list[civil-CivilArea]" time="0.001" /><testcase classname="tests.unit.test_legal_areas.TestLegalAreaInterface" name="test_get_guides_returns_list[constitutional-ConstitutionalArea]" time="0.001" /><testcase classname="tests.unit.test_legal_areas.TestLegalAreaInterface" name="test_get_guides_returns_list[labor-LaborArea]" time="0.001" /><testcase classname="tests.unit.test_legal_areas.TestLegalAreaInterface" name="test_get_guides_returns_list[tax-TaxArea]" time="0.001" /><testcase classname="tests.unit.test_legal_areas.TestLegalAreaInterface" name="test_get_guides_returns_list[criminal-CriminalArea]" time="0.001" /><testcase classname="tests.unit.test_legal_areas.TestLegalAreaInterface" name="test_get_guides_returns_list[criminal_procedure-CriminalProcedureArea]" time="0.001" /><testcase classname="tests.unit.test_legal_areas.TestLegalAreaInterface" name="test_get_guides_returns_list[civil_procedure-CivilProcedureArea]" time="0.001" /><testcase classname="tests.unit.test_legal_areas.TestLegalAreaInterface" name="test_get_guides_returns_list[consumer-ConsumerArea]" time="0.001" /><testcase classname="tests.unit.test_legal_areas.TestLegalAreaInterface" name="test_get_guides_returns_list[environmental-EnvironmentalArea]" time="0.001" /><testcase classname="tests.unit.test_legal_areas.TestLegalAreaInterface" name="test_get_guides_returns_list[business-BusinessArea]" time="0.001" /><testcase classname="tests.unit.test_legal_areas.TestLegalAreaInterface" name="test_get_guides_returns_list[family-FamilyArea]" time="0.001" /><testcase classname="tests.unit.test_legal_areas.TestLegalAreaInterface" name="test_get_guides_returns_list[inheritance-InheritanceArea]" time="0.001" /><testcase classname="tests.unit.test_legal_areas.TestLegalAreaInterface" name="test_get_guides_returns_list[social_security-SocialSecurityArea]" time="0.001" /><testcase classname="tests.unit.test_legal_areas.TestLegalAreaInterface" name="test_get_guides_returns_list[electoral-ElectoralArea]" time="0.001" /><testcase classname="tests.unit.test_legal_areas.TestLegalAreaInterface" name="test_get_guides_returns_list[international-InternationalArea]" time="0.001" /><testcase classname="tests.unit.test_legal_areas.TestLegalAreaInterface" name="test_get_guides_returns_list[digital-DigitalArea]" time="0.001" /><testcase classname="tests.unit.test_legal_areas.TestLegalAreaInterface" name="test_get_guides_have_correct_keys[administrative-AdministrativeArea]" time="0.001" /><testcase classname="tests.unit.test_legal_areas.TestLegalAreaInterface" name="test_get_guides_have_correct_keys[civil-CivilArea]" time="0.001" /><testcase classname="tests.unit.test_legal_areas.TestLegalAreaInterface" name="test_get_guides_have_correct_keys[constitutional-ConstitutionalArea]" time="0.001" /><testcase classname="tests.unit.test_legal_areas.TestLegalAreaInterface" name="test_get_guides_have_correct_keys[labor-LaborArea]" time="0.001" /><testcase classname="tests.unit.test_legal_areas.TestLegalAreaInterface" name="test_get_guides_have_correct_keys[tax-TaxArea]" time="0.001" /><testcase classname="tests.unit.test_legal_areas.TestLegalAreaInterface" name="test_get_guides_have_correct_keys[criminal-CriminalArea]" time="0.001" /><testcase classname="tests.unit.test_legal_areas.TestLegalAreaInterface" name="test_get_guides_have_correct_keys[criminal_procedure-CriminalProcedureArea]" time="0.001" /><testcase classname="tests.unit.test_legal_areas.TestLegalAreaInterface" name="test_get_guides_have_correct_keys[civil_procedure-CivilProcedureArea]" time="0.001" /><testcase classname="tests.unit.test_legal_areas.TestLegalAreaInterface" name="test_get_guides_have_correct_keys[consumer-ConsumerArea]" time="0.001" /><testcase classname="tests.unit.test_legal_areas.TestLegalAreaInterface" name="test_get_guides_have_correct_keys[environmental-EnvironmentalArea]" time="0.001" /><testcase classname="tests.unit.test_legal_areas.TestLegalAreaInterface" name="test_get_guides_have_correct_keys[business-BusinessArea]" time="0.001" /><testcase classname="tests.unit.test_legal_areas.TestLegalAreaInterface" name="test_get_guides_have_correct_keys[family-FamilyArea]" time="0.001" /><testcase classname="tests.unit.test_legal_areas.TestLegalAreaInterface" name="test_get_guides_have_correct_keys[inheritance-InheritanceArea]" time="0.001" /><testcase classname="tests.unit.test_legal_areas.TestLegalAreaInterface" name="test_get_guides_have_correct_keys[social_security-SocialSecurityArea]" time="0.001" /><testcase classname="tests.unit.test_legal_areas.TestLegalAreaInterface" name="test_get_guides_have_correct_keys[electoral-ElectoralArea]" time="0.001" /><testcase classname="tests.unit.test_legal_areas.TestLegalAreaInterface" name="test_get_guides_have_correct_keys[international-InternationalArea]" time="0.001" /><testcase classname="tests.unit.test_legal_areas.TestLegalAreaInterface" name="test_get_guides_have_correct_keys[digital-DigitalArea]" time="0.001" /><testcase classname="tests.unit.test_legal_areas.TestLegalAreaInterface" name="test_has_generate_theses_method[administrative-AdministrativeArea]" time="0.000" /><testcase classname="tests.unit.test_legal_areas.TestLegalAreaInterface" name="test_has_generate_theses_method[civil-CivilArea]" time="0.000" /><testcase classname="tests.unit.test_legal_areas.TestLegalAreaInterface" name="test_has_generate_theses_method[constitutional-ConstitutionalArea]" time="0.000" /><testcase classname="tests.unit.test_legal_areas.TestLegalAreaInterface" name="test_has_generate_theses_method[labor-LaborArea]" time="0.000" /><testcase classname="tests.unit.test_legal_areas.TestLegalAreaInterface" name="test_has_generate_theses_method[tax-TaxArea]" time="0.000" /><testcase classname="tests.unit.test_legal_areas.TestLegalAreaInterface" name="test_has_generate_theses_method[criminal-CriminalArea]" time="0.000" /><testcase classname="tests.unit.test_legal_areas.TestLegalAreaInterface" name="test_has_generate_theses_method[criminal_procedure-CriminalProcedureArea]" time="0.000" /><testcase classname="tests.unit.test_legal_areas.TestLegalAreaInterface" name="test_has_generate_theses_method[civil_procedure-CivilProcedureArea]" time="0.000" /><testcase classname="tests.unit.test_legal_areas.TestLegalAreaInterface" name="test_has_generate_theses_method[consumer-ConsumerArea]" time="0.001" /><testcase classname="tests.unit.test_legal_areas.TestLegalAreaInterface" name="test_has_generate_theses_method[environmental-EnvironmentalArea]" time="0.000" /><testcase classname="tests.unit.test_legal_areas.TestLegalAreaInterface" name="test_has_generate_theses_method[business-BusinessArea]" time="0.000" /><testcase classname="tests.unit.test_legal_areas.TestLegalAreaInterface" name="test_has_generate_theses_method[family-FamilyArea]" time="0.000" /><testcase classname="tests.unit.test_legal_areas.TestLegalAreaInterface" name="test_has_generate_theses_method[inheritance-InheritanceArea]" time="0.000" /><testcase classname="tests.unit.test_legal_areas.TestLegalAreaInterface" name="test_has_generate_theses_method[social_security-SocialSecurityArea]" time="0.001" /><testcase classname="tests.unit.test_legal_areas.TestLegalAreaInterface" name="test_has_generate_theses_method[electoral-ElectoralArea]" time="0.001" /><testcase classname="tests.unit.test_legal_areas.TestLegalAreaInterface" name="test_has_generate_theses_method[international-InternationalArea]" time="0.000" /><testcase classname="tests.unit.test_legal_areas.TestLegalAreaInterface" name="test_has_generate_theses_method[digital-DigitalArea]" time="0.000" /><testcase classname="tests.unit.test_legal_areas.TestLegalAreaInterface" name="test_has_health_check_method[administrative-AdministrativeArea]" time="0.000" /><testcase classname="tests.unit.test_legal_areas.TestLegalAreaInterface" name="test_has_health_check_method[civil-CivilArea]" time="0.000" /><testcase classname="tests.unit.test_legal_areas.TestLegalAreaInterface" name="test_has_health_check_method[constitutional-ConstitutionalArea]" time="0.000" /><testcase classname="tests.unit.test_legal_areas.TestLegalAreaInterface" name="test_has_health_check_method[labor-LaborArea]" time="0.000" /><testcase classname="tests.unit.test_legal_areas.TestLegalAreaInterface" name="test_has_health_check_method[tax-TaxArea]" time="0.000" /><testcase classname="tests.unit.test_legal_areas.TestLegalAreaInterface" name="test_has_health_check_method[criminal-CriminalArea]" time="0.000" /><testcase classname="tests.unit.test_legal_areas.TestLegalAreaInterface" name="test_has_health_check_method[criminal_procedure-CriminalProcedureArea]" time="0.000" /><testcase classname="tests.unit.test_legal_areas.TestLegalAreaInterface" name="test_has_health_check_method[civil_procedure-CivilProcedureArea]" time="0.000" /><testcase classname="tests.unit.test_legal_areas.TestLegalAreaInterface" name="test_has_health_check_method[consumer-ConsumerArea]" time="0.000" /><testcase classname="tests.unit.test_legal_areas.TestLegalAreaInterface" name="test_has_health_check_method[environmental-EnvironmentalArea]" time="0.000" /><testcase classname="tests.unit.test_legal_areas.TestLegalAreaInterface" name="test_has_health_check_method[business-BusinessArea]" time="0.000" /><testcase classname="tests.unit.test_legal_areas.TestLegalAreaInterface" name="test_has_health_check_method[family-FamilyArea]" time="0.000" /><testcase classname="tests.unit.test_legal_areas.TestLegalAreaInterface" name="test_has_health_check_method[inheritance-InheritanceArea]" time="0.000" /><testcase classname="tests.unit.test_legal_areas.TestLegalAreaInterface" name="test_has_health_check_method[social_security-SocialSecurityArea]" time="0.000" /><testcase classname="tests.unit.test_legal_areas.TestLegalAreaInterface" name="test_has_health_check_method[electoral-ElectoralArea]" time="0.000" /><testcase classname="tests.unit.test_legal_areas.TestLegalAreaInterface" name="test_has_health_check_method[international-InternationalArea]" time="0.000" /><testcase classname="tests.unit.test_legal_areas.TestLegalAreaInterface" name="test_has_health_check_method[digital-DigitalArea]" time="0.000" /><testcase classname="tests.unit.test_legal_areas.TestLegalAreaInterface" name="test_get_id_is_snake_case[administrative-AdministrativeArea]" time="0.000" /><testcase classname="tests.unit.test_legal_areas.TestLegalAreaInterface" name="test_get_id_is_snake_case[civil-CivilArea]" time="0.000" /><testcase classname="tests.unit.test_legal_areas.TestLegalAreaInterface" name="test_get_id_is_snake_case[constitutional-ConstitutionalArea]" time="0.000" /><testcase classname="tests.unit.test_legal_areas.TestLegalAreaInterface" name="test_get_id_is_snake_case[labor-LaborArea]" time="0.000" /><testcase classname="tests.unit.test_legal_areas.TestLegalAreaInterface" name="test_get_id_is_snake_case[tax-TaxArea]" time="0.000" /><testcase classname="tests.unit.test_legal_areas.TestLegalAreaInterface" name="test_get_id_is_snake_case[criminal-CriminalArea]" time="0.000" /><testcase classname="tests.unit.test_legal_areas.TestLegalAreaInterface" name="test_get_id_is_snake_case[criminal_procedure-CriminalProcedureArea]" time="0.000" /><testcase classname="tests.unit.test_legal_areas.TestLegalAreaInterface" name="test_get_id_is_snake_case[civil_procedure-CivilProcedureArea]" time="0.000" /><testcase classname="tests.unit.test_legal_areas.TestLegalAreaInterface" name="test_get_id_is_snake_case[consumer-ConsumerArea]" time="0.000" /><testcase classname="tests.unit.test_legal_areas.TestLegalAreaInterface" name="test_get_id_is_snake_case[environmental-EnvironmentalArea]" time="0.000" /><testcase classname="tests.unit.test_legal_areas.TestLegalAreaInterface" name="test_get_id_is_snake_case[business-BusinessArea]" time="0.000" /><testcase classname="tests.unit.test_legal_areas.TestLegalAreaInterface" name="test_get_id_is_snake_case[family-FamilyArea]" time="0.000" /><testcase classname="tests.unit.test_legal_areas.TestLegalAreaInterface" name="test_get_id_is_snake_case[inheritance-InheritanceArea]" time="0.000" /><testcase classname="tests.unit.test_legal_areas.TestLegalAreaInterface" name="test_get_id_is_snake_case[social_security-SocialSecurityArea]" time="0.000" /><testcase classname="tests.unit.test_legal_areas.TestLegalAreaInterface" name="test_get_id_is_snake_case[electoral-ElectoralArea]" time="0.001" /><testcase classname="tests.unit.test_legal_areas.TestLegalAreaInterface" name="test_get_id_is_snake_case[international-InternationalArea]" time="0.001" /><testcase classname="tests.unit.test_legal_areas.TestLegalAreaInterface" name="test_get_id_is_snake_case[digital-DigitalArea]" time="0.000" /><testcase classname="tests.unit.test_legal_areas.TestAdministrativeAreaSpecific" name="test_has_licitacoes_specialization" time="0.000" /><testcase classname="tests.unit.test_legal_areas.TestAdministrativeAreaSpecific" name="test_has_improbidade_specialization" time="0.000" /><testcase classname="tests.unit.test_legal_areas.TestAdministrativeAreaSpecific" name="test_has_servidores_specialization" time="0.000" /><testcase classname="tests.unit.test_legal_areas.TestAdministrativeAreaSpecific" name="test_has_guide_files" time="0.001" /><testcase classname="tests.unit.test_legal_areas.TestCivilAreaSpecific" name="test_has_responsabilidade_civil" time="0.000" /><testcase classname="tests.unit.test_legal_areas.TestCivilAreaSpecific" name="test_has_contratos" time="0.000" /><testcase classname="tests.unit.test_legal_areas.TestConstitutionalAreaSpecific" name="test_has_direitos_fundamentais" time="0.000" /><testcase classname="tests.unit.test_legal_areas.TestConstitutionalAreaSpecific" name="test_has_controle_constitucionalidade" time="0.000" /><testcase classname="tests.unit.test_legal_areas.TestLaborAreaSpecific" name="test_has_individual_specialization" time="0.000" /><testcase classname="tests.unit.test_legal_areas.TestLaborAreaSpecific" name="test_has_acidente_trabalho" time="0.000" /><testcase classname="tests.unit.test_legal_areas.TestTaxAreaSpecific" name="test_has_icms_specialization" time="0.000" /><testcase classname="tests.unit.test_legal_areas.TestTaxAreaSpecific" name="test_has_execucao_fiscal" time="0.000" /><testcase classname="tests.unit.test_pipeline_configs.TestDocumentTypeInterface" name="test_get_id_returns_string[ParecerDocumentType]" time="0.000" /><testcase classname="tests.unit.test_pipeline_configs.TestDocumentTypeInterface" name="test_get_id_returns_string[PeticaoInicialDocumentType]" time="0.000" /><testcase classname="tests.unit.test_pipeline_configs.TestDocumentTypeInterface" name="test_get_id_returns_string[ContestacaoDocumentType]" time="0.000" /><testcase classname="tests.unit.test_pipeline_configs.TestDocumentTypeInterface" name="test_get_id_returns_string[RecursoDocumentType]" time="0.000" /><testcase classname="tests.unit.test_pipeline_configs.TestDocumentTypeInterface" name="test_get_id_returns_string[SentencaDocumentType]" time="0.000" /><testcase classname="tests.unit.test_pipeline_configs.TestDocumentTypeInterface" name="test_get_id_returns_string[AcaoCivilPublicaDocumentType]" time="0.000" /><testcase classname="tests.unit.test_pipeline_configs.TestDocumentTypeInterface" name="test_get_id_returns_string[MandadoSegurancaDocumentType]" time="0.000" /><testcase classname="tests.unit.test_pipeline_configs.TestDocumentTypeInterface" name="test_get_id_returns_string[HabeasCorpusDocumentType]" time="0.000" /><testcase classname="tests.unit.test_pipeline_configs.TestDocumentTypeInterface" name="test_get_id_returns_string[AgravoDocumentType]" time="0.000" /><testcase classname="tests.unit.test_pipeline_configs.TestDocumentTypeInterface" name="test_get_id_returns_string[EmbargosDeclaracaoDocumentType]" time="0.000" /><testcase classname="tests.unit.test_pipeline_configs.TestDocumentTypeInterface" name="test_get_id_correct_value[ParecerDocumentType]" time="0.000" /><testcase classname="tests.unit.test_pipeline_configs.TestDocumentTypeInterface" name="test_get_id_correct_value[PeticaoInicialDocumentType]" time="0.000" /><testcase classname="tests.unit.test_pipeline_configs.TestDocumentTypeInterface" name="test_get_id_correct_value[ContestacaoDocumentType]" time="0.001" /><testcase classname="tests.unit.test_pipeline_configs.TestDocumentTypeInterface" name="test_get_id_correct_value[RecursoDocumentType]" time="0.000" /><testcase classname="tests.unit.test_pipeline_configs.TestDocumentTypeInterface" name="test_get_id_correct_value[SentencaDocumentType]" time="0.000" /><testcase classname="tests.unit.test_pipeline_configs.TestDocumentTypeInterface" name="test_get_id_correct_value[AcaoCivilPublicaDocumentType]" time="0.000" /><testcase classname="tests.unit.test_pipeline_configs.TestDocumentTypeInterface" name="test_get_id_correct_value[MandadoSegurancaDocumentType]" time="0.000" /><testcase classname="tests.unit.test_pipeline_configs.TestDocumentTypeInterface" name="test_get_id_correct_value[HabeasCorpusDocumentType]" time="0.000" /><testcase classname="tests.unit.test_pipeline_configs.TestDocumentTypeInterface" name="test_get_id_correct_value[AgravoDocumentType]" time="0.000" /><testcase classname="tests.unit.test_pipeline_configs.TestDocumentTypeInterface" name="test_get_id_correct_value[EmbargosDeclaracaoDocumentType]" time="0.000" /><testcase classname="tests.unit.test_pipeline_configs.TestDocumentTypeInterface" name="test_get_name_returns_string[ParecerDocumentType]" time="0.000" /><testcase classname="tests.unit.test_pipeline_configs.TestDocumentTypeInterface" name="test_get_name_returns_string[PeticaoInicialDocumentType]" time="0.000" /><testcase classname="tests.unit.test_pipeline_configs.TestDocumentTypeInterface" name="test_get_name_returns_string[ContestacaoDocumentType]" time="0.000" /><testcase classname="tests.unit.test_pipeline_configs.TestDocumentTypeInterface" name="test_get_name_returns_string[RecursoDocumentType]" time="0.000" /><testcase classname="tests.unit.test_pipeline_configs.TestDocumentTypeInterface" name="test_get_name_returns_string[SentencaDocumentType]" time="0.000" /><testcase classname="tests.unit.test_pipeline_configs.TestDocumentTypeInterface" name="test_get_name_returns_string[AcaoCivilPublicaDocumentType]" time="0.000" /><testcase classname="tests.unit.test_pipeline_configs.TestDocumentTypeInterface" name="test_get_name_returns_string[MandadoSegurancaDocumentType]" time="0.000" /><testcase classname="tests.unit.test_pipeline_configs.TestDocumentTypeInterface" name="test_get_name_returns_string[HabeasCorpusDocumentType]" time="0.000" /><testcase classname="tests.unit.test_pipeline_configs.TestDocumentTypeInterface" name="test_get_name_returns_string[AgravoDocumentType]" time="0.000" /><testcase classname="tests.unit.test_pipeline_configs.TestDocumentTypeInterface" name="test_get_name_returns_string[EmbargosDeclaracaoDocumentType]" time="0.000" /><testcase classname="tests.unit.test_pipeline_configs.TestDocumentTypeInterface" name="test_pipeline_config_is_correct_type[ParecerDocumentType]" time="0.000" /><testcase classname="tests.unit.test_pipeline_configs.TestDocumentTypeInterface" name="test_pipeline_config_is_correct_type[PeticaoInicialDocumentType]" time="0.000" /><testcase classname="tests.unit.test_pipeline_configs.TestDocumentTypeInterface" name="test_pipeline_config_is_correct_type[ContestacaoDocumentType]" time="0.000" /><testcase classname="tests.unit.test_pipeline_configs.TestDocumentTypeInterface" name="test_pipeline_config_is_correct_type[RecursoDocumentType]" time="0.000" /><testcase classname="tests.unit.test_pipeline_configs.TestDocumentTypeInterface" name="test_pipeline_config_is_correct_type[SentencaDocumentType]" time="0.001" /><testcase classname="tests.unit.test_pipeline_configs.TestDocumentTypeInterface" name="test_pipeline_config_is_correct_type[AcaoCivilPublicaDocumentType]" time="0.000" /><testcase classname="tests.unit.test_pipeline_configs.TestDocumentTypeInterface" name="test_pipeline_config_is_correct_type[MandadoSegurancaDocumentType]" time="0.000" /><testcase classname="tests.unit.test_pipeline_configs.TestDocumentTypeInterface" name="test_pipeline_config_is_correct_type[HabeasCorpusDocumentType]" time="0.000" /><testcase classname="tests.unit.test_pipeline_configs.TestDocumentTypeInterface" name="test_pipeline_config_is_correct_type[AgravoDocumentType]" time="0.000" /><testcase classname="tests.unit.test_pipeline_configs.TestDocumentTypeInterface" name="test_pipeline_config_is_correct_type[EmbargosDeclaracaoDocumentType]" time="0.000" /><testcase classname="tests.unit.test_pipeline_configs.TestDocumentTypeInterface" name="test_pipeline_config_has_agents[ParecerDocumentType]" time="0.000" /><testcase classname="tests.unit.test_pipeline_configs.TestDocumentTypeInterface" name="test_pipeline_config_has_agents[PeticaoInicialDocumentType]" time="0.000" /><testcase classname="tests.unit.test_pipeline_configs.TestDocumentTypeInterface" name="test_pipeline_config_has_agents[ContestacaoDocumentType]" time="0.000" /><testcase classname="tests.unit.test_pipeline_configs.TestDocumentTypeInterface" name="test_pipeline_config_has_agents[RecursoDocumentType]" time="0.000" /><testcase classname="tests.unit.test_pipeline_configs.TestDocumentTypeInterface" name="test_pipeline_config_has_agents[SentencaDocumentType]" time="0.000" /><testcase classname="tests.unit.test_pipeline_configs.TestDocumentTypeInterface" name="test_pipeline_config_has_agents[AcaoCivilPublicaDocumentType]" time="0.000" /><testcase classname="tests.unit.test_pipeline_configs.TestDocumentTypeInterface" name="test_pipeline_config_has_agents[MandadoSegurancaDocumentType]" time="0.000" /><testcase classname="tests.unit.test_pipeline_configs.TestDocumentTypeInterface" name="test_pipeline_config_has_agents[HabeasCorpusDocumentType]" time="0.000" /><testcase classname="tests.unit.test_pipeline_configs.TestDocumentTypeInterface" name="test_pipeline_config_has_agents[AgravoDocumentType]" time="0.000" /><testcase classname="tests.unit.test_pipeline_configs.TestDocumentTypeInterface" name="test_pipeline_config_has_agents[EmbargosDeclaracaoDocumentType]" time="0.000" /><testcase classname="tests.unit.test_pipeline_configs.TestDocumentTypeInterface" name="test_all_agents_have_required_fields[ParecerDocumentType]" time="0.000" /><testcase classname="tests.unit.test_pipeline_configs.TestDocumentTypeInterface" name="test_all_agents_have_required_fields[PeticaoInicialDocumentType]" time="0.000" /><testcase classname="tests.unit.test_pipeline_configs.TestDocumentTypeInterface" name="test_all_agents_have_required_fields[ContestacaoDocumentType]" time="0.000" /><testcase classname="tests.unit.test_pipeline_configs.TestDocumentTypeInterface" name="test_all_agents_have_required_fields[RecursoDocumentType]" time="0.000" /><testcase classname="tests.unit.test_pipeline_configs.TestDocumentTypeInterface" name="test_all_agents_have_required_fields[SentencaDocumentType]" time="0.000" /><testcase classname="tests.unit.test_pipeline_configs.TestDocumentTypeInterface" name="test_all_agents_have_required_fields[AcaoCivilPublicaDocumentType]" time="0.000" /><testcase classname=
[...]
nsmissibilidade aos herdeiro]" time="0.000" /><testcase classname="tests.unit.test_thesis_bank.TestSeedDataLegalBasis" name="test_precedents_structure[Acordo de N\xe3o Persecu\xe7\xe3o C\xedvel (ANPC) \u2014 repara\xe7\xe3o integral d]" time="0.000" /><testcase classname="tests.unit.test_thesis_bank.TestSeedDataLegalBasis" name="test_precedents_structure[Saneamento b\xe1sico \u2014 universaliza\xe7\xe3o como dever constituciona]" time="0.000" /><testcase classname="tests.unit.test_thesis_bank.TestSeedDataLegalBasis" name="test_precedents_structure[Conselhos municipais de sa\xfade \u2014 participa\xe7\xe3o e controle soci]" time="0.000" /><testcase classname="tests.unit.test_thesis_bank.TestSeedDataLegalBasis" name="test_precedents_structure[Pessoa com defici\xeancia \u2014 garantias e prote\xe7\xe3o integral]" time="0.000" /><testcase classname="tests.unit.test_thesis_bank.TestSeedDataLegalBasis" name="test_precedents_structure[Transtorno do Espectro Autista \u2014 direitos e pol\xedticas p\xfablic]" time="0.000" /><testcase classname="tests.unit.test_thesis_bank.TestSeedDataLegalBasis" name="test_precedents_structure[Marco Regulat\xf3rio das Organiza\xe7\xf5es da Sociedade Civil (MROSC]" time="0.000" /><testcase classname="tests.unit.test_thesis_bank.TestSeedDataLegalBasis" name="test_precedents_structure[Funda\xe7\xf5es de apoio \u2014 regime tribut\xe1rio e requisitos legais]" time="0.000" /><testcase classname="tests.unit.test_thesis_bank.TestSeedDataLegalBasis" name="test_precedents_structure[Programa de integridade no setor p\xfablico \u2014 CGU]" time="0.000" /><testcase classname="tests.unit.test_thesis_bank.TestSeedDataLegalBasis" name="test_precedents_structure[Controle interno municipal \u2014 cria\xe7\xe3o e implanta\xe7\xe3o obrigat\xf3r]" time="0.000" /><testcase classname="tests.unit.test_thesis_bank.TestSeedDataLegalBasis" name="test_precedents_structure[Perda de bens acrescidos ilicitamente \u2014 natureza extrapenal]" time="0.000" /><testcase classname="tests.unit.test_thesis_bank.TestSeedDataLegalBasis" name="test_precedents_structure[A\xe7\xe3o Civil P\xfablica em defesa da inf\xe2ncia e juventude]" time="0.000" /><testcase classname="tests.unit.test_thesis_bank.TestSeedDataLegalBasis" name="test_precedents_structure[Antecipa\xe7\xe3o de vencimentos de servidores p\xfablicos \u2014 ilegalid]" time="0.000" /><testcase classname="tests.unit.test_thesis_bank.TestSeedDataLegalBasis" name="test_precedents_structure[F\xe9rias de prefeito \u2014 base de c\xe1lculo e limites constituciona]" time="0.000" /><testcase classname="tests.unit.test_thesis_bank.TestSeedDataLegalBasis" name="test_precedents_structure[Sistema de ped\xe1gio em fluxo livre (free flow) \u2014 legalidade]" time="0.000" /><testcase classname="tests.unit.test_thesis_bank.TestSeedDataLegalBasis" name="test_precedents_structure[Heteroidentifica\xe7\xe3o em concursos p\xfablicos \u2014 cotas raciais]" time="0.000" /><testcase classname="tests.unit.test_thesis_bank.TestSeedDataLegalBasis" name="test_precedents_structure[Terceiriza\xe7\xe3o de servi\xe7os p\xfablicos \u2014 limites e responsabilid]" time="0.001" /><testcase classname="tests.unit.test_thesis_bank.TestSeedDataLegalBasis" name="test_precedents_structure[Doa\xe7\xe3o de bens p\xfablicos \u2014 requisitos e finalidade p\xfablica]" time="0.000" /><testcase classname="tests.unit.test_thesis_bank.TestSeedDataLegalBasis" name="test_tags_are_list[Improbidade administrativa por enriquecimento il\xedcito indepe]" time="0.001" /><testcase classname="tests.unit.test_thesis_bank.TestSeedDataLegalBasis" name="test_tags_are_list[Nepotismo decorre diretamente dos princ\xedpios constitucionais]" time="0.000" /><testcase classname="tests.unit.test_thesis_bank.TestSeedDataLegalBasis" name="test_tags_are_list[Ofensa a princ\xedpios administrativos como modalidade aut\xf4noma]" time="0.000" /><testcase classname="tests.unit.test_thesis_bank.TestSeedDataLegalBasis" name="test_tags_are_list[Agente p\xfablico para fins de improbidade \u2014 conceito amplo do ]" time="0.000" /><testcase classname="tests.unit.test_thesis_bank.TestSeedDataLegalBasis" name="test_tags_are_list[Tipologia de rachadinhas \u2014 desvio de remunera\xe7\xe3o de servidor]" time="0.000" /><testcase classname="tests.unit.test_thesis_bank.TestSeedDataLegalBasis" name="test_tags_are_list[Responsabilidade objetiva da pessoa jur\xeddica na Lei Anticorr]" time="0.000" /><testcase classname="tests.unit.test_thesis_bank.TestSeedDataLegalBasis" name="test_tags_are_list[Limites de gastos com folha de pagamento da C\xe2mara Municipal]" time="0.000" /><testcase classname="tests.unit.test_thesis_bank.TestSeedDataLegalBasis" name="test_tags_are_list[Autoriza\xe7\xe3o de uso de bem p\xfablico \u2014 distin\xe7\xe3o de concess\xe3o e]" time="0.000" /><testcase classname="tests.unit.test_thesis_bank.TestSeedDataLegalBasis" name="test_tags_are_list[Administrador judicial \u2014 possibilidade de contrata\xe7\xe3o de aux]" time="0.000" /><testcase classname="tests.unit.test_thesis_bank.TestSeedDataLegalBasis" name="test_tags_are_list[Grupo econ\xf4mico \u2014 controle e sincronia de atua\xe7\xe3o empresaria]" time="0.000" /><testcase classname="tests.unit.test_thesis_bank.TestSeedDataLegalBasis" name="test_tags_are_list[Audi\xeancia p\xfablica como instrumento da administra\xe7\xe3o consensu]" time="0.000" /><testcase classname="tests.unit.test_thesis_bank.TestSeedDataLegalBasis" name="test_tags_are_list[Direito \xe0 vida como princ\xedpio fundamental inviol\xe1vel]" time="0.000" /><testcase classname="tests.unit.test_thesis_bank.TestSeedDataLegalBasis" name="test_tags_are_list[Contrata\xe7\xe3o tempor\xe1ria por excepcional interesse p\xfablico \u2014 r]" time="0.000" /><testcase classname="tests.unit.test_thesis_bank.TestSeedDataLegalBasis" name="test_tags_are_list[Acumula\xe7\xe3o de mandato eletivo de vereador com cargo p\xfablico]" time="0.000" /><testcase classname="tests.unit.test_thesis_bank.TestSeedDataLegalBasis" name="test_tags_are_list[Responsabilidade civil do Estado por atos de seus agentes]" time="0.000" /><testcase classname="tests.unit.test_thesis_bank.TestSeedDataLegalBasis" name="test_tags_are_list[Multa judicial (astreintes) como meio coercitivo at\xedpico]" time="0.000" /><testcase classname="tests.unit.test_thesis_bank.TestSeedDataLegalBasis" name="test_tags_are_list[A\xe7\xe3o coletiva de consumo \u2014 legitimidade do Minist\xe9rio P\xfablic]" time="0.000" /><testcase classname="tests.unit.test_thesis_bank.TestSeedDataLegalBasis" name="test_tags_are_list[Atua\xe7\xe3o multifacetada do MP no invent\xe1rio causa mortis]" time="0.000" /><testcase classname="tests.unit.test_thesis_bank.TestSeedDataLegalBasis" name="test_tags_are_list[Concomit\xe2ncia da paternidade socioafetiva e biol\xf3gica]" time="0.000" /><testcase classname="tests.unit.test_thesis_bank.TestSeedDataLegalBasis" name="test_tags_are_list[Testamento \u2014 nulidade, revoga\xe7\xe3o, rompimento e caducidade]" time="0.000" /><testcase classname="tests.unit.test_thesis_bank.TestSeedDataLegalBasis" name="test_tags_are_list[Piso nacional da enfermagem \u2014 constitucionalidade e aplica\xe7\xe3]" time="0.000" /><testcase classname="tests.unit.test_thesis_bank.TestSeedDataLegalBasis" name="test_tags_are_list[Imunidade tribut\xe1ria das entidades filantr\xf3picas de assist\xean]" time="0.000" /><testcase classname="tests.unit.test_thesis_bank.TestSeedDataLegalBasis" name="test_tags_are_list[Contrata\xe7\xe3o de shows e artistas pelo Poder P\xfablico \u2014 tipolog]" time="0.000" /><testcase classname="tests.unit.test_thesis_bank.TestSeedDataLegalBasis" name="test_tags_are_list[Dispensa de licita\xe7\xe3o \u2014 requisitos legais e formalidades]" time="0.003" /><testcase classname="tests.unit.test_thesis_bank.TestSeedDataLegalBasis" name="test_tags_are_list[Improbidade administrativa \u2014 transmissibilidade aos herdeiro]" time="0.000" /><testcase classname="tests.unit.test_thesis_bank.TestSeedDataLegalBasis" name="test_tags_are_list[Acordo de N\xe3o Persecu\xe7\xe3o C\xedvel (ANPC) \u2014 repara\xe7\xe3o integral d]" time="0.000" /><testcase classname="tests.unit.test_thesis_bank.TestSeedDataLegalBasis" name="test_tags_are_list[Saneamento b\xe1sico \u2014 universaliza\xe7\xe3o como dever constituciona]" time="0.000" /><testcase classname="tests.unit.test_thesis_bank.TestSeedDataLegalBasis" name="test_tags_are_list[Conselhos municipais de sa\xfade \u2014 participa\xe7\xe3o e controle soci]" time="0.000" /><testcase classname="tests.unit.test_thesis_bank.TestSeedDataLegalBasis" name="test_tags_are_list[Pessoa com defici\xeancia \u2014 garantias e prote\xe7\xe3o integral]" time="0.000" /><testcase classname="tests.unit.test_thesis_bank.TestSeedDataLegalBasis" name="test_tags_are_list[Transtorno do Espectro Autista \u2014 direitos e pol\xedticas p\xfablic]" time="0.000" /><testcase classname="tests.unit.test_thesis_bank.TestSeedDataLegalBasis" name="test_tags_are_list[Marco Regulat\xf3rio das Organiza\xe7\xf5es da Sociedade Civil (MROSC]" time="0.000" /><testcase classname="tests.unit.test_thesis_bank.TestSeedDataLegalBasis" name="test_tags_are_list[Funda\xe7\xf5es de apoio \u2014 regime tribut\xe1rio e requisitos legais]" time="0.000" /><testcase classname="tests.unit.test_thesis_bank.TestSeedDataLegalBasis" name="test_tags_are_list[Programa de integridade no setor p\xfablico \u2014 CGU]" time="0.000" /><testcase classname="tests.unit.test_thesis_bank.TestSeedDataLegalBasis" name="test_tags_are_list[Controle interno municipal \u2014 cria\xe7\xe3o e implanta\xe7\xe3o obrigat\xf3r]" time="0.000" /><testcase classname="tests.unit.test_thesis_bank.TestSeedDataLegalBasis" name="test_tags_are_list[Perda de bens acrescidos ilicitamente \u2014 natureza extrapenal]" time="0.000" /><testcase classname="tests.unit.test_thesis_bank.TestSeedDataLegalBasis" name="test_tags_are_list[A\xe7\xe3o Civil P\xfablica em defesa da inf\xe2ncia e juventude]" time="0.000" /><testcase classname="tests.unit.test_thesis_bank.TestSeedDataLegalBasis" name="test_tags_are_list[Antecipa\xe7\xe3o de vencimentos de servidores p\xfablicos \u2014 ilegalid]" time="0.000" /><testcase classname="tests.unit.test_thesis_bank.TestSeedDataLegalBasis" name="test_tags_are_list[F\xe9rias de prefeito \u2014 base de c\xe1lculo e limites constituciona]" time="0.000" /><testcase classname="tests.unit.test_thesis_bank.TestSeedDataLegalBasis" name="test_tags_are_list[Sistema de ped\xe1gio em fluxo livre (free flow) \u2014 legalidade]" time="0.000" /><testcase classname="tests.unit.test_thesis_bank.TestSeedDataLegalBasis" name="test_tags_are_list[Heteroidentifica\xe7\xe3o em concursos p\xfablicos \u2014 cotas raciais]" time="0.000" /><testcase classname="tests.unit.test_thesis_bank.TestSeedDataLegalBasis" name="test_tags_are_list[Terceiriza\xe7\xe3o de servi\xe7os p\xfablicos \u2014 limites e responsabilid]" time="0.000" /><testcase classname="tests.unit.test_thesis_bank.TestSeedDataLegalBasis" name="test_tags_are_list[Doa\xe7\xe3o de bens p\xfablicos \u2014 requisitos e finalidade p\xfablica]" time="0.000" /><testcase classname="tests.unit.test_thesis_bank.TestSeedDataCategories" name="test_category_valid_if_present[Improbidade administrativa por enriquecimento il\xedcito indepe]" time="0.000" /><testcase classname="tests.unit.test_thesis_bank.TestSeedDataCategories" name="test_category_valid_if_present[Nepotismo decorre diretamente dos princ\xedpios constitucionais]" time="0.000" /><testcase classname="tests.unit.test_thesis_bank.TestSeedDataCategories" name="test_category_valid_if_present[Ofensa a princ\xedpios administrativos como modalidade aut\xf4noma]" time="0.000" /><testcase classname="tests.unit.test_thesis_bank.TestSeedDataCategories" name="test_category_valid_if_present[Agente p\xfablico para fins de improbidade \u2014 conceito amplo do ]" time="0.000" /><testcase classname="tests.unit.test_thesis_bank.TestSeedDataCategories" name="test_category_valid_if_present[Tipologia de rachadinhas \u2014 desvio de remunera\xe7\xe3o de servidor]" time="0.000" /><testcase classname="tests.unit.test_thesis_bank.TestSeedDataCategories" name="test_category_valid_if_present[Responsabilidade objetiva da pessoa jur\xeddica na Lei Anticorr]" time="0.000" /><testcase classname="tests.unit.test_thesis_bank.TestSeedDataCategories" name="test_category_valid_if_present[Limites de gastos com folha de pagamento da C\xe2mara Municipal]" time="0.000" /><testcase classname="tests.unit.test_thesis_bank.TestSeedDataCategories" name="test_category_valid_if_present[Autoriza\xe7\xe3o de uso de bem p\xfablico \u2014 distin\xe7\xe3o de concess\xe3o e]" time="0.001" /><testcase classname="tests.unit.test_thesis_bank.TestSeedDataCategories" name="test_category_valid_if_present[Administrador judicial \u2014 possibilidade de contrata\xe7\xe3o de aux]" time="0.000" /><testcase classname="tests.unit.test_thesis_bank.TestSeedDataCategories" name="test_category_valid_if_present[Grupo econ\xf4mico \u2014 controle e sincronia de atua\xe7\xe3o empresaria]" time="0.000" /><testcase classname="tests.unit.test_thesis_bank.TestSeedDataCategories" name="test_category_valid_if_present[Audi\xeancia p\xfablica como instrumento da administra\xe7\xe3o consensu]" time="0.000" /><testcase classname="tests.unit.test_thesis_bank.TestSeedDataCategories" name="test_category_valid_if_present[Direito \xe0 vida como princ\xedpio fundamental inviol\xe1vel]" time="0.000" /><testcase classname="tests.unit.test_thesis_bank.TestSeedDataCategories" name="test_category_valid_if_present[Contrata\xe7\xe3o tempor\xe1ria por excepcional interesse p\xfablico \u2014 r]" time="0.000" /><testcase classname="tests.unit.test_thesis_bank.TestSeedDataCategories" name="test_category_valid_if_present[Acumula\xe7\xe3o de mandato eletivo de vereador com cargo p\xfablico]" time="0.000" /><testcase classname="tests.unit.test_thesis_bank.TestSeedDataCategories" name="test_category_valid_if_present[Responsabilidade civil do Estado por atos de seus agentes]" time="0.000" /><testcase classname="tests.unit.test_thesis_bank.TestSeedDataCategories" name="test_category_valid_if_present[Multa judicial (astreintes) como meio coercitivo at\xedpico]" time="0.000" /><testcase classname="tests.unit.test_thesis_bank.TestSeedDataCategories" name="test_category_valid_if_present[A\xe7\xe3o coletiva de consumo \u2014 legitimidade do Minist\xe9rio P\xfablic]" time="0.000" /><testcase classname="tests.unit.test_thesis_bank.TestSeedDataCategories" name="test_category_valid_if_present[Atua\xe7\xe3o multifacetada do MP no invent\xe1rio causa mortis]" time="0.000" /><testcase classname="tests.unit.test_thesis_bank.TestSeedDataCategories" name="test_category_valid_if_present[Concomit\xe2ncia da paternidade socioafetiva e biol\xf3gica]" time="0.000" /><testcase classname="tests.unit.test_thesis_bank.TestSeedDataCategories" name="test_category_valid_if_present[Testamento \u2014 nulidade, revoga\xe7\xe3o, rompimento e caducidade]" time="0.000" /><testcase classname="tests.unit.test_thesis_bank.TestSeedDataCategories" name="test_category_valid_if_present[Piso nacional da enfermagem \u2014 constitucionalidade e aplica\xe7\xe3]" time="0.000" /><testcase classname="tests.unit.test_thesis_bank.TestSeedDataCategories" name="test_category_valid_if_present[Imunidade tribut\xe1ria das entidades filantr\xf3picas de assist\xean]" time="0.000" /><testcase classname="tests.unit.test_thesis_bank.TestSeedDataCategories" name="test_category_valid_if_present[Contrata\xe7\xe3o de shows e artistas pelo Poder P\xfablico \u2014 tipolog]" time="0.000" /><testcase classname="tests.unit.test_thesis_bank.TestSeedDataCategories" name="test_category_valid_if_present[Dispensa de licita\xe7\xe3o \u2014 requisitos legais e formalidades]" time="0.001" /><testcase classname="tests.unit.test_thesis_bank.TestSeedDataCategories" name="test_category_valid_if_present[Improbidade administrativa \u2014 transmissibilidade aos herdeiro]" time="0.000" /><testcase classname="tests.unit.test_thesis_bank.TestSeedDataCategories" name="test_category_valid_if_present[Acordo de N\xe3o Persecu\xe7\xe3o C\xedvel (ANPC) \u2014 repara\xe7\xe3o integral d]" time="0.000" /><testcase classname="tests.unit.test_thesis_bank.TestSeedDataCategories" name="test_category_valid_if_present[Saneamento b\xe1sico \u2014 universaliza\xe7\xe3o como dever constituciona]" time="0.000" /><testcase classname="tests.unit.test_thesis_bank.TestSeedDataCategories" name="test_category_valid_if_present[Conselhos municipais de sa\xfade \u2014 participa\xe7\xe3o e controle soci]" time="0.000" /><testcase classname="tests.unit.test_thesis_bank.TestSeedDataCategories" name="test_category_valid_if_present[Pessoa com defici\xeancia \u2014 garantias e prote\xe7\xe3o integral]" time="0.000" /><testcase classname="tests.unit.test_thesis_bank.TestSeedDataCategories" name="test_category_valid_if_present[Transtorno do Espectro Autista \u2014 direitos e pol\xedticas p\xfablic]" time="0.000" /><testcase classname="tests.unit.test_thesis_bank.TestSeedDataCategories" name="test_category_valid_if_present[Marco Regulat\xf3rio das Organiza\xe7\xf5es da Sociedade Civil (MROSC]" time="0.000" /><testcase classname="tests.unit.test_thesis_bank.TestSeedDataCategories" name="test_category_valid_if_present[Funda\xe7\xf5es de apoio \u2014 regime tribut\xe1rio e requisitos legais]" time="0.000" /><testcase classname="tests.unit.test_thesis_bank.TestSeedDataCategories" name="test_category_valid_if_present[Programa de integridade no setor p\xfablico \u2014 CGU]" time="0.000" /><testcase classname="tests.unit.test_thesis_bank.TestSeedDataCategories" name="test_category_valid_if_present[Controle interno municipal \u2014 cria\xe7\xe3o e implanta\xe7\xe3o obrigat\xf3r]" time="0.000" /><testcase classname="tests.unit.test_thesis_bank.TestSeedDataCategories" name="test_category_valid_if_present[Perda de bens acrescidos ilicitamente \u2014 natureza extrapenal]" time="0.000" /><testcase classname="tests.unit.test_thesis_bank.TestSeedDataCategories" name="test_category_valid_if_present[A\xe7\xe3o Civil P\xfablica em defesa da inf\xe2ncia e juventude]" time="0.000" /><testcase classname="tests.unit.test_thesis_bank.TestSeedDataCategories" name="test_category_valid_if_present[Antecipa\xe7\xe3o de vencimentos de servidores p\xfablicos \u2014 ilegalid]" time="0.000" /><testcase classname="tests.unit.test_thesis_bank.TestSeedDataCategories" name="test_category_valid_if_present[F\xe9rias de prefeito \u2014 base de c\xe1lculo e limites constituciona]" time="0.000" /><testcase classname="tests.unit.test_thesis_bank.TestSeedDataCategories" name="test_category_valid_if_present[Sistema de ped\xe1gio em fluxo livre (free flow) \u2014 legalidade]" time="0.000" /><testcase classname="tests.unit.test_thesis_bank.TestSeedDataCategories" name="test_category_valid_if_present[Heteroidentifica\xe7\xe3o em concursos p\xfablicos \u2014 cotas raciais]" time="0.000" /><testcase classname="tests.unit.test_thesis_bank.TestSeedDataCategories" name="test_category_valid_if_present[Terceiriza\xe7\xe3o de servi\xe7os p\xfablicos \u2014 limites e responsabilid]" time="0.000" /><testcase classname="tests.unit.test_thesis_bank.TestSeedDataCategories" name="test_category_valid_if_present[Doa\xe7\xe3o de bens p\xfablicos \u2014 requisitos e finalidade p\xfablica]" time="0.000" /><testcase classname="tests.unit.test_thesis_bank.TestThesisBankImports" name="test_import_seed_data" time="0.000" /><testcase classname="tests.unit.test_thesis_bank.TestThesisBankImports" name="test_import_service" time="0.005" /><testcase classname="tests.unit.test_thesis_bank.TestThesisBankImports" name="test_import_auto_populate" time="0.001" /><testcase classname="tests.unit.test_thesis_bank.TestThesisBankImports" name="test_import_qdrant_extractor" time="0.001" /><testcase classname="tests.unit.test_thesis_bank.TestThesisBankImports" name="test_manifest_exists" time="0.001" /></testsuite></testsuites>